ARM GAS  C:\Users\lsj\AppData\Local\Temp\ccKKJw5s.s 			page 1


   1              		.cpu cortex-m4
   2              		.arch armv7e-m
   3              		.fpu fpv4-sp-d16
   4              		.eabi_attribute 27, 1
   5              		.eabi_attribute 28, 1
   6              		.eabi_attribute 20, 1
   7              		.eabi_attribute 21, 1
   8              		.eabi_attribute 23, 3
   9              		.eabi_attribute 24, 1
  10              		.eabi_attribute 25, 1
  11              		.eabi_attribute 26, 1
  12              		.eabi_attribute 30, 1
  13              		.eabi_attribute 34, 1
  14              		.eabi_attribute 18, 4
  15              		.file	"usart.c"
  16              		.text
  17              	.Ltext0:
  18              		.cfi_sections	.debug_frame
  19              		.file 1 "Core/Src/usart.c"
  20              		.section	.text.MX_USART3_UART_Init,"ax",%progbits
  21              		.align	1
  22              		.global	MX_USART3_UART_Init
  23              		.syntax unified
  24              		.thumb
  25              		.thumb_func
  27              	MX_USART3_UART_Init:
  28              	.LFB134:
   1:Core/Src/usart.c **** /* USER CODE BEGIN Header */
   2:Core/Src/usart.c **** /**
   3:Core/Src/usart.c ****   ******************************************************************************
   4:Core/Src/usart.c ****   * @file    usart.c
   5:Core/Src/usart.c ****   * @brief   This file provides code for the configuration
   6:Core/Src/usart.c ****   *          of the USART instances.
   7:Core/Src/usart.c ****   ******************************************************************************
   8:Core/Src/usart.c ****   * @attention
   9:Core/Src/usart.c ****   *
  10:Core/Src/usart.c ****   * Copyright (c) 2024 STMicroelectronics.
  11:Core/Src/usart.c ****   * All rights reserved.
  12:Core/Src/usart.c ****   *
  13:Core/Src/usart.c ****   * This software is licensed under terms that can be found in the LICENSE file
  14:Core/Src/usart.c ****   * in the root directory of this software component.
  15:Core/Src/usart.c ****   * If no LICENSE file comes with this software, it is provided AS-IS.
  16:Core/Src/usart.c ****   *
  17:Core/Src/usart.c ****   ******************************************************************************
  18:Core/Src/usart.c ****   */
  19:Core/Src/usart.c **** /* USER CODE END Header */
  20:Core/Src/usart.c **** /* Includes ------------------------------------------------------------------*/
  21:Core/Src/usart.c **** #include "usart.h"
  22:Core/Src/usart.c **** 
  23:Core/Src/usart.c **** /* USER CODE BEGIN 0 */
  24:Core/Src/usart.c **** 
  25:Core/Src/usart.c **** /* USER CODE END 0 */
  26:Core/Src/usart.c **** 
  27:Core/Src/usart.c **** UART_HandleTypeDef huart3;
  28:Core/Src/usart.c **** DMA_HandleTypeDef hdma_usart3_rx;
  29:Core/Src/usart.c **** 
  30:Core/Src/usart.c **** /* USART3 init function */
ARM GAS  C:\Users\lsj\AppData\Local\Temp\ccKKJw5s.s 			page 2


  31:Core/Src/usart.c **** 
  32:Core/Src/usart.c **** void MX_USART3_UART_Init(void)
  33:Core/Src/usart.c **** {
  29              		.loc 1 33 1 view -0
  30              		.cfi_startproc
  31              		@ args = 0, pretend = 0, frame = 0
  32              		@ frame_needed = 0, uses_anonymous_args = 0
  33 0000 08B5     		push	{r3, lr}
  34              	.LCFI0:
  35              		.cfi_def_cfa_offset 8
  36              		.cfi_offset 3, -8
  37              		.cfi_offset 14, -4
  34:Core/Src/usart.c **** 
  35:Core/Src/usart.c ****   /* USER CODE BEGIN USART3_Init 0 */
  36:Core/Src/usart.c **** 
  37:Core/Src/usart.c ****   /* USER CODE END USART3_Init 0 */
  38:Core/Src/usart.c **** 
  39:Core/Src/usart.c ****   /* USER CODE BEGIN USART3_Init 1 */
  40:Core/Src/usart.c **** 
  41:Core/Src/usart.c ****   /* USER CODE END USART3_Init 1 */
  42:Core/Src/usart.c ****   huart3.Instance = USART3;
  38              		.loc 1 42 3 view .LVU1
  39              		.loc 1 42 19 is_stmt 0 view .LVU2
  40 0002 0C48     		ldr	r0, .L5
  41 0004 0C4B     		ldr	r3, .L5+4
  42 0006 0360     		str	r3, [r0]
  43:Core/Src/usart.c ****   huart3.Init.BaudRate = 100000;
  43              		.loc 1 43 3 is_stmt 1 view .LVU3
  44              		.loc 1 43 24 is_stmt 0 view .LVU4
  45 0008 0C4B     		ldr	r3, .L5+8
  46 000a 4360     		str	r3, [r0, #4]
  44:Core/Src/usart.c ****   huart3.Init.WordLength = UART_WORDLENGTH_9B;
  47              		.loc 1 44 3 is_stmt 1 view .LVU5
  48              		.loc 1 44 26 is_stmt 0 view .LVU6
  49 000c 4FF48053 		mov	r3, #4096
  50 0010 8360     		str	r3, [r0, #8]
  45:Core/Src/usart.c ****   huart3.Init.StopBits = UART_STOPBITS_1;
  51              		.loc 1 45 3 is_stmt 1 view .LVU7
  52              		.loc 1 45 24 is_stmt 0 view .LVU8
  53 0012 0023     		movs	r3, #0
  54 0014 C360     		str	r3, [r0, #12]
  46:Core/Src/usart.c ****   huart3.Init.Parity = UART_PARITY_EVEN;
  55              		.loc 1 46 3 is_stmt 1 view .LVU9
  56              		.loc 1 46 22 is_stmt 0 view .LVU10
  57 0016 4FF48062 		mov	r2, #1024
  58 001a 0261     		str	r2, [r0, #16]
  47:Core/Src/usart.c ****   huart3.Init.Mode = UART_MODE_TX_RX;
  59              		.loc 1 47 3 is_stmt 1 view .LVU11
  60              		.loc 1 47 20 is_stmt 0 view .LVU12
  61 001c 0C22     		movs	r2, #12
  62 001e 4261     		str	r2, [r0, #20]
  48:Core/Src/usart.c ****   huart3.Init.HwFlowCtl = UART_HWCONTROL_NONE;
  63              		.loc 1 48 3 is_stmt 1 view .LVU13
  64              		.loc 1 48 25 is_stmt 0 view .LVU14
  65 0020 8361     		str	r3, [r0, #24]
  49:Core/Src/usart.c ****   huart3.Init.OverSampling = UART_OVERSAMPLING_16;
  66              		.loc 1 49 3 is_stmt 1 view .LVU15
ARM GAS  C:\Users\lsj\AppData\Local\Temp\ccKKJw5s.s 			page 3


  67              		.loc 1 49 28 is_stmt 0 view .LVU16
  68 0022 C361     		str	r3, [r0, #28]
  50:Core/Src/usart.c ****   if (HAL_UART_Init(&huart3) != HAL_OK)
  69              		.loc 1 50 3 is_stmt 1 view .LVU17
  70              		.loc 1 50 7 is_stmt 0 view .LVU18
  71 0024 FFF7FEFF 		bl	HAL_UART_Init
  72              	.LVL0:
  73              		.loc 1 50 6 view .LVU19
  74 0028 00B9     		cbnz	r0, .L4
  75              	.L1:
  51:Core/Src/usart.c ****   {
  52:Core/Src/usart.c ****     Error_Handler();
  53:Core/Src/usart.c ****   }
  54:Core/Src/usart.c ****   /* USER CODE BEGIN USART3_Init 2 */
  55:Core/Src/usart.c **** 
  56:Core/Src/usart.c ****   /* USER CODE END USART3_Init 2 */
  57:Core/Src/usart.c **** 
  58:Core/Src/usart.c **** }
  76              		.loc 1 58 1 view .LVU20
  77 002a 08BD     		pop	{r3, pc}
  78              	.L4:
  52:Core/Src/usart.c ****   }
  79              		.loc 1 52 5 is_stmt 1 view .LVU21
  80 002c FFF7FEFF 		bl	Error_Handler
  81              	.LVL1:
  82              		.loc 1 58 1 is_stmt 0 view .LVU22
  83 0030 FBE7     		b	.L1
  84              	.L6:
  85 0032 00BF     		.align	2
  86              	.L5:
  87 0034 00000000 		.word	huart3
  88 0038 00480040 		.word	1073760256
  89 003c A0860100 		.word	100000
  90              		.cfi_endproc
  91              	.LFE134:
  93              		.section	.text.HAL_UART_MspInit,"ax",%progbits
  94              		.align	1
  95              		.global	HAL_UART_MspInit
  96              		.syntax unified
  97              		.thumb
  98              		.thumb_func
 100              	HAL_UART_MspInit:
 101              	.LVL2:
 102              	.LFB135:
  59:Core/Src/usart.c **** 
  60:Core/Src/usart.c **** void HAL_UART_MspInit(UART_HandleTypeDef* uartHandle)
  61:Core/Src/usart.c **** {
 103              		.loc 1 61 1 is_stmt 1 view -0
 104              		.cfi_startproc
 105              		@ args = 0, pretend = 0, frame = 32
 106              		@ frame_needed = 0, uses_anonymous_args = 0
 107              		.loc 1 61 1 is_stmt 0 view .LVU24
 108 0000 30B5     		push	{r4, r5, lr}
 109              	.LCFI1:
 110              		.cfi_def_cfa_offset 12
 111              		.cfi_offset 4, -12
 112              		.cfi_offset 5, -8
ARM GAS  C:\Users\lsj\AppData\Local\Temp\ccKKJw5s.s 			page 4


 113              		.cfi_offset 14, -4
 114 0002 89B0     		sub	sp, sp, #36
 115              	.LCFI2:
 116              		.cfi_def_cfa_offset 48
  62:Core/Src/usart.c **** 
  63:Core/Src/usart.c ****   GPIO_InitTypeDef GPIO_InitStruct = {0};
 117              		.loc 1 63 3 is_stmt 1 view .LVU25
 118              		.loc 1 63 20 is_stmt 0 view .LVU26
 119 0004 0023     		movs	r3, #0
 120 0006 0393     		str	r3, [sp, #12]
 121 0008 0493     		str	r3, [sp, #16]
 122 000a 0593     		str	r3, [sp, #20]
 123 000c 0693     		str	r3, [sp, #24]
 124 000e 0793     		str	r3, [sp, #28]
  64:Core/Src/usart.c ****   if(uartHandle->Instance==USART3)
 125              		.loc 1 64 3 is_stmt 1 view .LVU27
 126              		.loc 1 64 16 is_stmt 0 view .LVU28
 127 0010 0268     		ldr	r2, [r0]
 128              		.loc 1 64 5 view .LVU29
 129 0012 274B     		ldr	r3, .L13
 130 0014 9A42     		cmp	r2, r3
 131 0016 01D0     		beq	.L11
 132              	.LVL3:
 133              	.L7:
  65:Core/Src/usart.c ****   {
  66:Core/Src/usart.c ****   /* USER CODE BEGIN USART3_MspInit 0 */
  67:Core/Src/usart.c **** 
  68:Core/Src/usart.c ****   /* USER CODE END USART3_MspInit 0 */
  69:Core/Src/usart.c ****     /* USART3 clock enable */
  70:Core/Src/usart.c ****     __HAL_RCC_USART3_CLK_ENABLE();
  71:Core/Src/usart.c **** 
  72:Core/Src/usart.c ****     __HAL_RCC_GPIOC_CLK_ENABLE();
  73:Core/Src/usart.c ****     /**USART3 GPIO Configuration
  74:Core/Src/usart.c ****     PC11     ------> USART3_RX
  75:Core/Src/usart.c ****     PC10     ------> USART3_TX
  76:Core/Src/usart.c ****     */
  77:Core/Src/usart.c ****     GPIO_InitStruct.Pin = GPIO_PIN_11|GPIO_PIN_10;
  78:Core/Src/usart.c ****     GPIO_InitStruct.Mode = GPIO_MODE_AF_PP;
  79:Core/Src/usart.c ****     GPIO_InitStruct.Pull = GPIO_NOPULL;
  80:Core/Src/usart.c ****     GPIO_InitStruct.Speed = GPIO_SPEED_FREQ_VERY_HIGH;
  81:Core/Src/usart.c ****     GPIO_InitStruct.Alternate = GPIO_AF7_USART3;
  82:Core/Src/usart.c ****     HAL_GPIO_Init(GPIOC, &GPIO_InitStruct);
  83:Core/Src/usart.c **** 
  84:Core/Src/usart.c ****     /* USART3 DMA Init */
  85:Core/Src/usart.c ****     /* USART3_RX Init */
  86:Core/Src/usart.c ****     hdma_usart3_rx.Instance = DMA1_Stream1;
  87:Core/Src/usart.c ****     hdma_usart3_rx.Init.Channel = DMA_CHANNEL_4;
  88:Core/Src/usart.c ****     hdma_usart3_rx.Init.Direction = DMA_PERIPH_TO_MEMORY;
  89:Core/Src/usart.c ****     hdma_usart3_rx.Init.PeriphInc = DMA_PINC_DISABLE;
  90:Core/Src/usart.c ****     hdma_usart3_rx.Init.MemInc = DMA_MINC_ENABLE;
  91:Core/Src/usart.c ****     hdma_usart3_rx.Init.PeriphDataAlignment = DMA_PDATAALIGN_BYTE;
  92:Core/Src/usart.c ****     hdma_usart3_rx.Init.MemDataAlignment = DMA_MDATAALIGN_BYTE;
  93:Core/Src/usart.c ****     hdma_usart3_rx.Init.Mode = DMA_NORMAL;
  94:Core/Src/usart.c ****     hdma_usart3_rx.Init.Priority = DMA_PRIORITY_VERY_HIGH;
  95:Core/Src/usart.c ****     hdma_usart3_rx.Init.FIFOMode = DMA_FIFOMODE_DISABLE;
  96:Core/Src/usart.c ****     if (HAL_DMA_Init(&hdma_usart3_rx) != HAL_OK)
  97:Core/Src/usart.c ****     {
ARM GAS  C:\Users\lsj\AppData\Local\Temp\ccKKJw5s.s 			page 5


  98:Core/Src/usart.c ****       Error_Handler();
  99:Core/Src/usart.c ****     }
 100:Core/Src/usart.c **** 
 101:Core/Src/usart.c ****     __HAL_LINKDMA(uartHandle,hdmarx,hdma_usart3_rx);
 102:Core/Src/usart.c **** 
 103:Core/Src/usart.c ****     /* USART3 interrupt Init */
 104:Core/Src/usart.c ****     HAL_NVIC_SetPriority(USART3_IRQn, 0, 0);
 105:Core/Src/usart.c ****     HAL_NVIC_EnableIRQ(USART3_IRQn);
 106:Core/Src/usart.c ****   /* USER CODE BEGIN USART3_MspInit 1 */
 107:Core/Src/usart.c **** 
 108:Core/Src/usart.c ****   /* USER CODE END USART3_MspInit 1 */
 109:Core/Src/usart.c ****   }
 110:Core/Src/usart.c **** }
 134              		.loc 1 110 1 view .LVU30
 135 0018 09B0     		add	sp, sp, #36
 136              	.LCFI3:
 137              		.cfi_remember_state
 138              		.cfi_def_cfa_offset 12
 139              		@ sp needed
 140 001a 30BD     		pop	{r4, r5, pc}
 141              	.LVL4:
 142              	.L11:
 143              	.LCFI4:
 144              		.cfi_restore_state
 145              		.loc 1 110 1 view .LVU31
 146 001c 0446     		mov	r4, r0
  70:Core/Src/usart.c **** 
 147              		.loc 1 70 5 is_stmt 1 view .LVU32
 148              	.LBB2:
  70:Core/Src/usart.c **** 
 149              		.loc 1 70 5 view .LVU33
 150 001e 0025     		movs	r5, #0
 151 0020 0195     		str	r5, [sp, #4]
  70:Core/Src/usart.c **** 
 152              		.loc 1 70 5 view .LVU34
 153 0022 03F5F833 		add	r3, r3, #126976
 154 0026 1A6C     		ldr	r2, [r3, #64]
 155 0028 42F48022 		orr	r2, r2, #262144
 156 002c 1A64     		str	r2, [r3, #64]
  70:Core/Src/usart.c **** 
 157              		.loc 1 70 5 view .LVU35
 158 002e 1A6C     		ldr	r2, [r3, #64]
 159 0030 02F48022 		and	r2, r2, #262144
 160 0034 0192     		str	r2, [sp, #4]
  70:Core/Src/usart.c **** 
 161              		.loc 1 70 5 view .LVU36
 162 0036 019A     		ldr	r2, [sp, #4]
 163              	.LBE2:
  70:Core/Src/usart.c **** 
 164              		.loc 1 70 5 view .LVU37
  72:Core/Src/usart.c ****     /**USART3 GPIO Configuration
 165              		.loc 1 72 5 view .LVU38
 166              	.LBB3:
  72:Core/Src/usart.c ****     /**USART3 GPIO Configuration
 167              		.loc 1 72 5 view .LVU39
 168 0038 0295     		str	r5, [sp, #8]
  72:Core/Src/usart.c ****     /**USART3 GPIO Configuration
ARM GAS  C:\Users\lsj\AppData\Local\Temp\ccKKJw5s.s 			page 6


 169              		.loc 1 72 5 view .LVU40
 170 003a 1A6B     		ldr	r2, [r3, #48]
 171 003c 42F00402 		orr	r2, r2, #4
 172 0040 1A63     		str	r2, [r3, #48]
  72:Core/Src/usart.c ****     /**USART3 GPIO Configuration
 173              		.loc 1 72 5 view .LVU41
 174 0042 1B6B     		ldr	r3, [r3, #48]
 175 0044 03F00403 		and	r3, r3, #4
 176 0048 0293     		str	r3, [sp, #8]
  72:Core/Src/usart.c ****     /**USART3 GPIO Configuration
 177              		.loc 1 72 5 view .LVU42
 178 004a 029B     		ldr	r3, [sp, #8]
 179              	.LBE3:
  72:Core/Src/usart.c ****     /**USART3 GPIO Configuration
 180              		.loc 1 72 5 view .LVU43
  77:Core/Src/usart.c ****     GPIO_InitStruct.Mode = GPIO_MODE_AF_PP;
 181              		.loc 1 77 5 view .LVU44
  77:Core/Src/usart.c ****     GPIO_InitStruct.Mode = GPIO_MODE_AF_PP;
 182              		.loc 1 77 25 is_stmt 0 view .LVU45
 183 004c 4FF44063 		mov	r3, #3072
 184 0050 0393     		str	r3, [sp, #12]
  78:Core/Src/usart.c ****     GPIO_InitStruct.Pull = GPIO_NOPULL;
 185              		.loc 1 78 5 is_stmt 1 view .LVU46
  78:Core/Src/usart.c ****     GPIO_InitStruct.Pull = GPIO_NOPULL;
 186              		.loc 1 78 26 is_stmt 0 view .LVU47
 187 0052 0223     		movs	r3, #2
 188 0054 0493     		str	r3, [sp, #16]
  79:Core/Src/usart.c ****     GPIO_InitStruct.Speed = GPIO_SPEED_FREQ_VERY_HIGH;
 189              		.loc 1 79 5 is_stmt 1 view .LVU48
  80:Core/Src/usart.c ****     GPIO_InitStruct.Alternate = GPIO_AF7_USART3;
 190              		.loc 1 80 5 view .LVU49
  80:Core/Src/usart.c ****     GPIO_InitStruct.Alternate = GPIO_AF7_USART3;
 191              		.loc 1 80 27 is_stmt 0 view .LVU50
 192 0056 0323     		movs	r3, #3
 193 0058 0693     		str	r3, [sp, #24]
  81:Core/Src/usart.c ****     HAL_GPIO_Init(GPIOC, &GPIO_InitStruct);
 194              		.loc 1 81 5 is_stmt 1 view .LVU51
  81:Core/Src/usart.c ****     HAL_GPIO_Init(GPIOC, &GPIO_InitStruct);
 195              		.loc 1 81 31 is_stmt 0 view .LVU52
 196 005a 0723     		movs	r3, #7
 197 005c 0793     		str	r3, [sp, #28]
  82:Core/Src/usart.c **** 
 198              		.loc 1 82 5 is_stmt 1 view .LVU53
 199 005e 03A9     		add	r1, sp, #12
 200 0060 1448     		ldr	r0, .L13+4
 201              	.LVL5:
  82:Core/Src/usart.c **** 
 202              		.loc 1 82 5 is_stmt 0 view .LVU54
 203 0062 FFF7FEFF 		bl	HAL_GPIO_Init
 204              	.LVL6:
  86:Core/Src/usart.c ****     hdma_usart3_rx.Init.Channel = DMA_CHANNEL_4;
 205              		.loc 1 86 5 is_stmt 1 view .LVU55
  86:Core/Src/usart.c ****     hdma_usart3_rx.Init.Channel = DMA_CHANNEL_4;
 206              		.loc 1 86 29 is_stmt 0 view .LVU56
 207 0066 1448     		ldr	r0, .L13+8
 208 0068 144B     		ldr	r3, .L13+12
 209 006a 0360     		str	r3, [r0]
ARM GAS  C:\Users\lsj\AppData\Local\Temp\ccKKJw5s.s 			page 7


  87:Core/Src/usart.c ****     hdma_usart3_rx.Init.Direction = DMA_PERIPH_TO_MEMORY;
 210              		.loc 1 87 5 is_stmt 1 view .LVU57
  87:Core/Src/usart.c ****     hdma_usart3_rx.Init.Direction = DMA_PERIPH_TO_MEMORY;
 211              		.loc 1 87 33 is_stmt 0 view .LVU58
 212 006c 4FF00063 		mov	r3, #134217728
 213 0070 4360     		str	r3, [r0, #4]
  88:Core/Src/usart.c ****     hdma_usart3_rx.Init.PeriphInc = DMA_PINC_DISABLE;
 214              		.loc 1 88 5 is_stmt 1 view .LVU59
  88:Core/Src/usart.c ****     hdma_usart3_rx.Init.PeriphInc = DMA_PINC_DISABLE;
 215              		.loc 1 88 35 is_stmt 0 view .LVU60
 216 0072 8560     		str	r5, [r0, #8]
  89:Core/Src/usart.c ****     hdma_usart3_rx.Init.MemInc = DMA_MINC_ENABLE;
 217              		.loc 1 89 5 is_stmt 1 view .LVU61
  89:Core/Src/usart.c ****     hdma_usart3_rx.Init.MemInc = DMA_MINC_ENABLE;
 218              		.loc 1 89 35 is_stmt 0 view .LVU62
 219 0074 C560     		str	r5, [r0, #12]
  90:Core/Src/usart.c ****     hdma_usart3_rx.Init.PeriphDataAlignment = DMA_PDATAALIGN_BYTE;
 220              		.loc 1 90 5 is_stmt 1 view .LVU63
  90:Core/Src/usart.c ****     hdma_usart3_rx.Init.PeriphDataAlignment = DMA_PDATAALIGN_BYTE;
 221              		.loc 1 90 32 is_stmt 0 view .LVU64
 222 0076 4FF48063 		mov	r3, #1024
 223 007a 0361     		str	r3, [r0, #16]
  91:Core/Src/usart.c ****     hdma_usart3_rx.Init.MemDataAlignment = DMA_MDATAALIGN_BYTE;
 224              		.loc 1 91 5 is_stmt 1 view .LVU65
  91:Core/Src/usart.c ****     hdma_usart3_rx.Init.MemDataAlignment = DMA_MDATAALIGN_BYTE;
 225              		.loc 1 91 45 is_stmt 0 view .LVU66
 226 007c 4561     		str	r5, [r0, #20]
  92:Core/Src/usart.c ****     hdma_usart3_rx.Init.Mode = DMA_NORMAL;
 227              		.loc 1 92 5 is_stmt 1 view .LVU67
  92:Core/Src/usart.c ****     hdma_usart3_rx.Init.Mode = DMA_NORMAL;
 228              		.loc 1 92 42 is_stmt 0 view .LVU68
 229 007e 8561     		str	r5, [r0, #24]
  93:Core/Src/usart.c ****     hdma_usart3_rx.Init.Priority = DMA_PRIORITY_VERY_HIGH;
 230              		.loc 1 93 5 is_stmt 1 view .LVU69
  93:Core/Src/usart.c ****     hdma_usart3_rx.Init.Priority = DMA_PRIORITY_VERY_HIGH;
 231              		.loc 1 93 30 is_stmt 0 view .LVU70
 232 0080 C561     		str	r5, [r0, #28]
  94:Core/Src/usart.c ****     hdma_usart3_rx.Init.FIFOMode = DMA_FIFOMODE_DISABLE;
 233              		.loc 1 94 5 is_stmt 1 view .LVU71
  94:Core/Src/usart.c ****     hdma_usart3_rx.Init.FIFOMode = DMA_FIFOMODE_DISABLE;
 234              		.loc 1 94 34 is_stmt 0 view .LVU72
 235 0082 4FF44033 		mov	r3, #196608
 236 0086 0362     		str	r3, [r0, #32]
  95:Core/Src/usart.c ****     if (HAL_DMA_Init(&hdma_usart3_rx) != HAL_OK)
 237              		.loc 1 95 5 is_stmt 1 view .LVU73
  95:Core/Src/usart.c ****     if (HAL_DMA_Init(&hdma_usart3_rx) != HAL_OK)
 238              		.loc 1 95 34 is_stmt 0 view .LVU74
 239 0088 4562     		str	r5, [r0, #36]
  96:Core/Src/usart.c ****     {
 240              		.loc 1 96 5 is_stmt 1 view .LVU75
  96:Core/Src/usart.c ****     {
 241              		.loc 1 96 9 is_stmt 0 view .LVU76
 242 008a FFF7FEFF 		bl	HAL_DMA_Init
 243              	.LVL7:
  96:Core/Src/usart.c ****     {
 244              		.loc 1 96 8 view .LVU77
 245 008e 58B9     		cbnz	r0, .L12
ARM GAS  C:\Users\lsj\AppData\Local\Temp\ccKKJw5s.s 			page 8


 246              	.L9:
 101:Core/Src/usart.c **** 
 247              		.loc 1 101 5 is_stmt 1 view .LVU78
 101:Core/Src/usart.c **** 
 248              		.loc 1 101 5 view .LVU79
 249 0090 094B     		ldr	r3, .L13+8
 250 0092 E363     		str	r3, [r4, #60]
 101:Core/Src/usart.c **** 
 251              		.loc 1 101 5 view .LVU80
 252 0094 9C63     		str	r4, [r3, #56]
 101:Core/Src/usart.c **** 
 253              		.loc 1 101 5 view .LVU81
 104:Core/Src/usart.c ****     HAL_NVIC_EnableIRQ(USART3_IRQn);
 254              		.loc 1 104 5 view .LVU82
 255 0096 0022     		movs	r2, #0
 256 0098 1146     		mov	r1, r2
 257 009a 2720     		movs	r0, #39
 258 009c FFF7FEFF 		bl	HAL_NVIC_SetPriority
 259              	.LVL8:
 105:Core/Src/usart.c ****   /* USER CODE BEGIN USART3_MspInit 1 */
 260              		.loc 1 105 5 view .LVU83
 261 00a0 2720     		movs	r0, #39
 262 00a2 FFF7FEFF 		bl	HAL_NVIC_EnableIRQ
 263              	.LVL9:
 264              		.loc 1 110 1 is_stmt 0 view .LVU84
 265 00a6 B7E7     		b	.L7
 266              	.L12:
  98:Core/Src/usart.c ****     }
 267              		.loc 1 98 7 is_stmt 1 view .LVU85
 268 00a8 FFF7FEFF 		bl	Error_Handler
 269              	.LVL10:
 270 00ac F0E7     		b	.L9
 271              	.L14:
 272 00ae 00BF     		.align	2
 273              	.L13:
 274 00b0 00480040 		.word	1073760256
 275 00b4 00080240 		.word	1073874944
 276 00b8 00000000 		.word	hdma_usart3_rx
 277 00bc 28600240 		.word	1073897512
 278              		.cfi_endproc
 279              	.LFE135:
 281              		.section	.text.HAL_UART_MspDeInit,"ax",%progbits
 282              		.align	1
 283              		.global	HAL_UART_MspDeInit
 284              		.syntax unified
 285              		.thumb
 286              		.thumb_func
 288              	HAL_UART_MspDeInit:
 289              	.LVL11:
 290              	.LFB136:
 111:Core/Src/usart.c **** 
 112:Core/Src/usart.c **** void HAL_UART_MspDeInit(UART_HandleTypeDef* uartHandle)
 113:Core/Src/usart.c **** {
 291              		.loc 1 113 1 view -0
 292              		.cfi_startproc
 293              		@ args = 0, pretend = 0, frame = 0
 294              		@ frame_needed = 0, uses_anonymous_args = 0
ARM GAS  C:\Users\lsj\AppData\Local\Temp\ccKKJw5s.s 			page 9


 114:Core/Src/usart.c **** 
 115:Core/Src/usart.c ****   if(uartHandle->Instance==USART3)
 295              		.loc 1 115 3 view .LVU87
 296              		.loc 1 115 16 is_stmt 0 view .LVU88
 297 0000 0268     		ldr	r2, [r0]
 298              		.loc 1 115 5 view .LVU89
 299 0002 0B4B     		ldr	r3, .L22
 300 0004 9A42     		cmp	r2, r3
 301 0006 00D0     		beq	.L21
 302 0008 7047     		bx	lr
 303              	.L21:
 113:Core/Src/usart.c **** 
 304              		.loc 1 113 1 view .LVU90
 305 000a 10B5     		push	{r4, lr}
 306              	.LCFI5:
 307              		.cfi_def_cfa_offset 8
 308              		.cfi_offset 4, -8
 309              		.cfi_offset 14, -4
 310 000c 0446     		mov	r4, r0
 116:Core/Src/usart.c ****   {
 117:Core/Src/usart.c ****   /* USER CODE BEGIN USART3_MspDeInit 0 */
 118:Core/Src/usart.c **** 
 119:Core/Src/usart.c ****   /* USER CODE END USART3_MspDeInit 0 */
 120:Core/Src/usart.c ****     /* Peripheral clock disable */
 121:Core/Src/usart.c ****     __HAL_RCC_USART3_CLK_DISABLE();
 311              		.loc 1 121 5 is_stmt 1 view .LVU91
 312 000e 094A     		ldr	r2, .L22+4
 313 0010 136C     		ldr	r3, [r2, #64]
 314 0012 23F48023 		bic	r3, r3, #262144
 315 0016 1364     		str	r3, [r2, #64]
 122:Core/Src/usart.c **** 
 123:Core/Src/usart.c ****     /**USART3 GPIO Configuration
 124:Core/Src/usart.c ****     PC11     ------> USART3_RX
 125:Core/Src/usart.c ****     PC10     ------> USART3_TX
 126:Core/Src/usart.c ****     */
 127:Core/Src/usart.c ****     HAL_GPIO_DeInit(GPIOC, GPIO_PIN_11|GPIO_PIN_10);
 316              		.loc 1 127 5 view .LVU92
 317 0018 4FF44061 		mov	r1, #3072
 318 001c 0648     		ldr	r0, .L22+8
 319              	.LVL12:
 320              		.loc 1 127 5 is_stmt 0 view .LVU93
 321 001e FFF7FEFF 		bl	HAL_GPIO_DeInit
 322              	.LVL13:
 128:Core/Src/usart.c **** 
 129:Core/Src/usart.c ****     /* USART3 DMA DeInit */
 130:Core/Src/usart.c ****     HAL_DMA_DeInit(uartHandle->hdmarx);
 323              		.loc 1 130 5 is_stmt 1 view .LVU94
 324 0022 E06B     		ldr	r0, [r4, #60]
 325 0024 FFF7FEFF 		bl	HAL_DMA_DeInit
 326              	.LVL14:
 131:Core/Src/usart.c **** 
 132:Core/Src/usart.c ****     /* USART3 interrupt Deinit */
 133:Core/Src/usart.c ****     HAL_NVIC_DisableIRQ(USART3_IRQn);
 327              		.loc 1 133 5 view .LVU95
 328 0028 2720     		movs	r0, #39
 329 002a FFF7FEFF 		bl	HAL_NVIC_DisableIRQ
 330              	.LVL15:
ARM GAS  C:\Users\lsj\AppData\Local\Temp\ccKKJw5s.s 			page 10


 134:Core/Src/usart.c ****   /* USER CODE BEGIN USART3_MspDeInit 1 */
 135:Core/Src/usart.c **** 
 136:Core/Src/usart.c ****   /* USER CODE END USART3_MspDeInit 1 */
 137:Core/Src/usart.c ****   }
 138:Core/Src/usart.c **** }
 331              		.loc 1 138 1 is_stmt 0 view .LVU96
 332 002e 10BD     		pop	{r4, pc}
 333              	.LVL16:
 334              	.L23:
 335              		.loc 1 138 1 view .LVU97
 336              		.align	2
 337              	.L22:
 338 0030 00480040 		.word	1073760256
 339 0034 00380240 		.word	1073887232
 340 0038 00080240 		.word	1073874944
 341              		.cfi_endproc
 342              	.LFE136:
 344              		.global	hdma_usart3_rx
 345              		.section	.bss.hdma_usart3_rx,"aw",%nobits
 346              		.align	2
 349              	hdma_usart3_rx:
 350 0000 00000000 		.space	96
 350      00000000 
 350      00000000 
 350      00000000 
 350      00000000 
 351              		.global	huart3
 352              		.section	.bss.huart3,"aw",%nobits
 353              		.align	2
 356              	huart3:
 357 0000 00000000 		.space	72
 357      00000000 
 357      00000000 
 357      00000000 
 357      00000000 
 358              		.text
 359              	.Letext0:
 360              		.file 2 "Drivers/CMSIS/Device/ST/STM32F4xx/Include/stm32f407xx.h"
 361              		.file 3 "c:\\msys64\\mingw64\\arm-none-eabi\\include\\machine\\_default_types.h"
 362              		.file 4 "c:\\msys64\\mingw64\\arm-none-eabi\\include\\sys\\_stdint.h"
 363              		.file 5 "Drivers/STM32F4xx_HAL_Driver/Inc/stm32f4xx_hal_def.h"
 364              		.file 6 "Drivers/STM32F4xx_HAL_Driver/Inc/stm32f4xx_hal_gpio.h"
 365              		.file 7 "Drivers/STM32F4xx_HAL_Driver/Inc/stm32f4xx_hal_dma.h"
 366              		.file 8 "Drivers/STM32F4xx_HAL_Driver/Inc/stm32f4xx_hal_uart.h"
 367              		.file 9 "Core/Inc/usart.h"
 368              		.file 10 "Drivers/STM32F4xx_HAL_Driver/Inc/stm32f4xx_hal_cortex.h"
 369              		.file 11 "Core/Inc/main.h"
ARM GAS  C:\Users\lsj\AppData\Local\Temp\ccKKJw5s.s 			page 11


DEFINED SYMBOLS
                            *ABS*:00000000 usart.c
C:\Users\lsj\AppData\Local\Temp\ccKKJw5s.s:21     .text.MX_USART3_UART_Init:00000000 $t
C:\Users\lsj\AppData\Local\Temp\ccKKJw5s.s:27     .text.MX_USART3_UART_Init:00000000 MX_USART3_UART_Init
C:\Users\lsj\AppData\Local\Temp\ccKKJw5s.s:87     .text.MX_USART3_UART_Init:00000034 $d
C:\Users\lsj\AppData\Local\Temp\ccKKJw5s.s:356    .bss.huart3:00000000 huart3
C:\Users\lsj\AppData\Local\Temp\ccKKJw5s.s:94     .text.HAL_UART_MspInit:00000000 $t
C:\Users\lsj\AppData\Local\Temp\ccKKJw5s.s:100    .text.HAL_UART_MspInit:00000000 HAL_UART_MspInit
C:\Users\lsj\AppData\Local\Temp\ccKKJw5s.s:274    .text.HAL_UART_MspInit:000000b0 $d
C:\Users\lsj\AppData\Local\Temp\ccKKJw5s.s:349    .bss.hdma_usart3_rx:00000000 hdma_usart3_rx
C:\Users\lsj\AppData\Local\Temp\ccKKJw5s.s:282    .text.HAL_UART_MspDeInit:00000000 $t
C:\Users\lsj\AppData\Local\Temp\ccKKJw5s.s:288    .text.HAL_UART_MspDeInit:00000000 HAL_UART_MspDeInit
C:\Users\lsj\AppData\Local\Temp\ccKKJw5s.s:338    .text.HAL_UART_MspDeInit:00000030 $d
C:\Users\lsj\AppData\Local\Temp\ccKKJw5s.s:346    .bss.hdma_usart3_rx:00000000 $d
C:\Users\lsj\AppData\Local\Temp\ccKKJw5s.s:353    .bss.huart3:00000000 $d

UNDEFINED SYMBOLS
HAL_UART_Init
Error_Handler
HAL_GPIO_Init
HAL_DMA_Init
HAL_NVIC_SetPriority
HAL_NVIC_EnableIRQ
HAL_GPIO_DeInit
HAL_DMA_DeInit
HAL_NVIC_DisableIRQ
