ARM GAS  C:\Users\lsj\AppData\Local\Temp\ccea8vsg.s 			page 1


   1              		.cpu cortex-m4
   2              		.arch armv7e-m
   3              		.fpu fpv4-sp-d16
   4              		.eabi_attribute 27, 1
   5              		.eabi_attribute 28, 1
   6              		.eabi_attribute 20, 1
   7              		.eabi_attribute 21, 1
   8              		.eabi_attribute 23, 3
   9              		.eabi_attribute 24, 1
  10              		.eabi_attribute 25, 1
  11              		.eabi_attribute 26, 1
  12              		.eabi_attribute 30, 1
  13              		.eabi_attribute 34, 1
  14              		.eabi_attribute 18, 4
  15              		.file	"can.c"
  16              		.text
  17              	.Ltext0:
  18              		.cfi_sections	.debug_frame
  19              		.file 1 "Core/Src/can.c"
  20              		.section	.text.MX_CAN1_Init,"ax",%progbits
  21              		.align	1
  22              		.global	MX_CAN1_Init
  23              		.syntax unified
  24              		.thumb
  25              		.thumb_func
  27              	MX_CAN1_Init:
  28              	.LFB134:
   1:Core/Src/can.c **** /* USER CODE BEGIN Header */
   2:Core/Src/can.c **** /**
   3:Core/Src/can.c ****   ******************************************************************************
   4:Core/Src/can.c ****   * @file    can.c
   5:Core/Src/can.c ****   * @brief   This file provides code for the configuration
   6:Core/Src/can.c ****   *          of the CAN instances.
   7:Core/Src/can.c ****   ******************************************************************************
   8:Core/Src/can.c ****   * @attention
   9:Core/Src/can.c ****   *
  10:Core/Src/can.c ****   * Copyright (c) 2024 STMicroelectronics.
  11:Core/Src/can.c ****   * All rights reserved.
  12:Core/Src/can.c ****   *
  13:Core/Src/can.c ****   * This software is licensed under terms that can be found in the LICENSE file
  14:Core/Src/can.c ****   * in the root directory of this software component.
  15:Core/Src/can.c ****   * If no LICENSE file comes with this software, it is provided AS-IS.
  16:Core/Src/can.c ****   *
  17:Core/Src/can.c ****   ******************************************************************************
  18:Core/Src/can.c ****   */
  19:Core/Src/can.c **** /* USER CODE END Header */
  20:Core/Src/can.c **** /* Includes ------------------------------------------------------------------*/
  21:Core/Src/can.c **** #include "can.h"
  22:Core/Src/can.c **** 
  23:Core/Src/can.c **** /* USER CODE BEGIN 0 */
  24:Core/Src/can.c **** 
  25:Core/Src/can.c **** /* USER CODE END 0 */
  26:Core/Src/can.c **** 
  27:Core/Src/can.c **** CAN_HandleTypeDef hcan1;
  28:Core/Src/can.c **** 
  29:Core/Src/can.c **** /* CAN1 init function */
  30:Core/Src/can.c **** void MX_CAN1_Init(void)
ARM GAS  C:\Users\lsj\AppData\Local\Temp\ccea8vsg.s 			page 2


  31:Core/Src/can.c **** {
  29              		.loc 1 31 1 view -0
  30              		.cfi_startproc
  31              		@ args = 0, pretend = 0, frame = 0
  32              		@ frame_needed = 0, uses_anonymous_args = 0
  33 0000 08B5     		push	{r3, lr}
  34              	.LCFI0:
  35              		.cfi_def_cfa_offset 8
  36              		.cfi_offset 3, -8
  37              		.cfi_offset 14, -4
  32:Core/Src/can.c **** 
  33:Core/Src/can.c ****   /* USER CODE BEGIN CAN1_Init 0 */
  34:Core/Src/can.c **** 
  35:Core/Src/can.c ****   /* USER CODE END CAN1_Init 0 */
  36:Core/Src/can.c **** 
  37:Core/Src/can.c ****   /* USER CODE BEGIN CAN1_Init 1 */
  38:Core/Src/can.c **** 
  39:Core/Src/can.c ****   /* USER CODE END CAN1_Init 1 */
  40:Core/Src/can.c ****   hcan1.Instance = CAN1;
  38              		.loc 1 40 3 view .LVU1
  39              		.loc 1 40 18 is_stmt 0 view .LVU2
  40 0002 0C48     		ldr	r0, .L5
  41 0004 0C4B     		ldr	r3, .L5+4
  42 0006 0360     		str	r3, [r0]
  41:Core/Src/can.c ****   hcan1.Init.Prescaler = 6;
  43              		.loc 1 41 3 is_stmt 1 view .LVU3
  44              		.loc 1 41 24 is_stmt 0 view .LVU4
  45 0008 0623     		movs	r3, #6
  46 000a 4360     		str	r3, [r0, #4]
  42:Core/Src/can.c ****   hcan1.Init.Mode = CAN_MODE_NORMAL;
  47              		.loc 1 42 3 is_stmt 1 view .LVU5
  48              		.loc 1 42 19 is_stmt 0 view .LVU6
  49 000c 0023     		movs	r3, #0
  50 000e 8360     		str	r3, [r0, #8]
  43:Core/Src/can.c ****   hcan1.Init.SyncJumpWidth = CAN_SJW_1TQ;
  51              		.loc 1 43 3 is_stmt 1 view .LVU7
  52              		.loc 1 43 28 is_stmt 0 view .LVU8
  53 0010 C360     		str	r3, [r0, #12]
  44:Core/Src/can.c ****   hcan1.Init.TimeSeg1 = CAN_BS1_5TQ;
  54              		.loc 1 44 3 is_stmt 1 view .LVU9
  55              		.loc 1 44 23 is_stmt 0 view .LVU10
  56 0012 4FF48022 		mov	r2, #262144
  57 0016 0261     		str	r2, [r0, #16]
  45:Core/Src/can.c ****   hcan1.Init.TimeSeg2 = CAN_BS2_1TQ;
  58              		.loc 1 45 3 is_stmt 1 view .LVU11
  59              		.loc 1 45 23 is_stmt 0 view .LVU12
  60 0018 4361     		str	r3, [r0, #20]
  46:Core/Src/can.c ****   hcan1.Init.TimeTriggeredMode = DISABLE;
  61              		.loc 1 46 3 is_stmt 1 view .LVU13
  62              		.loc 1 46 32 is_stmt 0 view .LVU14
  63 001a 0376     		strb	r3, [r0, #24]
  47:Core/Src/can.c ****   hcan1.Init.AutoBusOff = DISABLE;
  64              		.loc 1 47 3 is_stmt 1 view .LVU15
  65              		.loc 1 47 25 is_stmt 0 view .LVU16
  66 001c 4376     		strb	r3, [r0, #25]
  48:Core/Src/can.c ****   hcan1.Init.AutoWakeUp = DISABLE;
  67              		.loc 1 48 3 is_stmt 1 view .LVU17
ARM GAS  C:\Users\lsj\AppData\Local\Temp\ccea8vsg.s 			page 3


  68              		.loc 1 48 25 is_stmt 0 view .LVU18
  69 001e 8376     		strb	r3, [r0, #26]
  49:Core/Src/can.c ****   hcan1.Init.AutoRetransmission = DISABLE;
  70              		.loc 1 49 3 is_stmt 1 view .LVU19
  71              		.loc 1 49 33 is_stmt 0 view .LVU20
  72 0020 C376     		strb	r3, [r0, #27]
  50:Core/Src/can.c ****   hcan1.Init.ReceiveFifoLocked = DISABLE;
  73              		.loc 1 50 3 is_stmt 1 view .LVU21
  74              		.loc 1 50 32 is_stmt 0 view .LVU22
  75 0022 0377     		strb	r3, [r0, #28]
  51:Core/Src/can.c ****   hcan1.Init.TransmitFifoPriority = DISABLE;
  76              		.loc 1 51 3 is_stmt 1 view .LVU23
  77              		.loc 1 51 35 is_stmt 0 view .LVU24
  78 0024 4377     		strb	r3, [r0, #29]
  52:Core/Src/can.c ****   if (HAL_CAN_Init(&hcan1) != HAL_OK)
  79              		.loc 1 52 3 is_stmt 1 view .LVU25
  80              		.loc 1 52 7 is_stmt 0 view .LVU26
  81 0026 FFF7FEFF 		bl	HAL_CAN_Init
  82              	.LVL0:
  83              		.loc 1 52 6 view .LVU27
  84 002a 00B9     		cbnz	r0, .L4
  85              	.L1:
  53:Core/Src/can.c ****   {
  54:Core/Src/can.c ****     Error_Handler();
  55:Core/Src/can.c ****   }
  56:Core/Src/can.c ****   /* USER CODE BEGIN CAN1_Init 2 */
  57:Core/Src/can.c **** 
  58:Core/Src/can.c ****   /* USER CODE END CAN1_Init 2 */
  59:Core/Src/can.c **** 
  60:Core/Src/can.c **** }
  86              		.loc 1 60 1 view .LVU28
  87 002c 08BD     		pop	{r3, pc}
  88              	.L4:
  54:Core/Src/can.c ****   }
  89              		.loc 1 54 5 is_stmt 1 view .LVU29
  90 002e FFF7FEFF 		bl	Error_Handler
  91              	.LVL1:
  92              		.loc 1 60 1 is_stmt 0 view .LVU30
  93 0032 FBE7     		b	.L1
  94              	.L6:
  95              		.align	2
  96              	.L5:
  97 0034 00000000 		.word	hcan1
  98 0038 00640040 		.word	1073767424
  99              		.cfi_endproc
 100              	.LFE134:
 102              		.section	.text.HAL_CAN_MspInit,"ax",%progbits
 103              		.align	1
 104              		.global	HAL_CAN_MspInit
 105              		.syntax unified
 106              		.thumb
 107              		.thumb_func
 109              	HAL_CAN_MspInit:
 110              	.LVL2:
 111              	.LFB135:
  61:Core/Src/can.c **** 
  62:Core/Src/can.c **** void HAL_CAN_MspInit(CAN_HandleTypeDef* canHandle)
ARM GAS  C:\Users\lsj\AppData\Local\Temp\ccea8vsg.s 			page 4


  63:Core/Src/can.c **** {
 112              		.loc 1 63 1 is_stmt 1 view -0
 113              		.cfi_startproc
 114              		@ args = 0, pretend = 0, frame = 32
 115              		@ frame_needed = 0, uses_anonymous_args = 0
 116              		.loc 1 63 1 is_stmt 0 view .LVU32
 117 0000 10B5     		push	{r4, lr}
 118              	.LCFI1:
 119              		.cfi_def_cfa_offset 8
 120              		.cfi_offset 4, -8
 121              		.cfi_offset 14, -4
 122 0002 88B0     		sub	sp, sp, #32
 123              	.LCFI2:
 124              		.cfi_def_cfa_offset 40
  64:Core/Src/can.c **** 
  65:Core/Src/can.c ****   GPIO_InitTypeDef GPIO_InitStruct = {0};
 125              		.loc 1 65 3 is_stmt 1 view .LVU33
 126              		.loc 1 65 20 is_stmt 0 view .LVU34
 127 0004 0023     		movs	r3, #0
 128 0006 0393     		str	r3, [sp, #12]
 129 0008 0493     		str	r3, [sp, #16]
 130 000a 0593     		str	r3, [sp, #20]
 131 000c 0693     		str	r3, [sp, #24]
 132 000e 0793     		str	r3, [sp, #28]
  66:Core/Src/can.c ****   if(canHandle->Instance==CAN1)
 133              		.loc 1 66 3 is_stmt 1 view .LVU35
 134              		.loc 1 66 15 is_stmt 0 view .LVU36
 135 0010 0268     		ldr	r2, [r0]
 136              		.loc 1 66 5 view .LVU37
 137 0012 184B     		ldr	r3, .L11
 138 0014 9A42     		cmp	r2, r3
 139 0016 01D0     		beq	.L10
 140              	.LVL3:
 141              	.L7:
  67:Core/Src/can.c ****   {
  68:Core/Src/can.c ****   /* USER CODE BEGIN CAN1_MspInit 0 */
  69:Core/Src/can.c **** 
  70:Core/Src/can.c ****   /* USER CODE END CAN1_MspInit 0 */
  71:Core/Src/can.c ****     /* CAN1 clock enable */
  72:Core/Src/can.c ****     __HAL_RCC_CAN1_CLK_ENABLE();
  73:Core/Src/can.c **** 
  74:Core/Src/can.c ****     __HAL_RCC_GPIOD_CLK_ENABLE();
  75:Core/Src/can.c ****     /**CAN1 GPIO Configuration
  76:Core/Src/can.c ****     PD0     ------> CAN1_RX
  77:Core/Src/can.c ****     PD1     ------> CAN1_TX
  78:Core/Src/can.c ****     */
  79:Core/Src/can.c ****     GPIO_InitStruct.Pin = GPIO_PIN_0|GPIO_PIN_1;
  80:Core/Src/can.c ****     GPIO_InitStruct.Mode = GPIO_MODE_AF_PP;
  81:Core/Src/can.c ****     GPIO_InitStruct.Pull = GPIO_NOPULL;
  82:Core/Src/can.c ****     GPIO_InitStruct.Speed = GPIO_SPEED_FREQ_VERY_HIGH;
  83:Core/Src/can.c ****     GPIO_InitStruct.Alternate = GPIO_AF9_CAN1;
  84:Core/Src/can.c ****     HAL_GPIO_Init(GPIOD, &GPIO_InitStruct);
  85:Core/Src/can.c **** 
  86:Core/Src/can.c ****     /* CAN1 interrupt Init */
  87:Core/Src/can.c ****     HAL_NVIC_SetPriority(CAN1_RX0_IRQn, 0, 0);
  88:Core/Src/can.c ****     HAL_NVIC_EnableIRQ(CAN1_RX0_IRQn);
  89:Core/Src/can.c ****   /* USER CODE BEGIN CAN1_MspInit 1 */
ARM GAS  C:\Users\lsj\AppData\Local\Temp\ccea8vsg.s 			page 5


  90:Core/Src/can.c **** 
  91:Core/Src/can.c ****   /* USER CODE END CAN1_MspInit 1 */
  92:Core/Src/can.c ****   }
  93:Core/Src/can.c **** }
 142              		.loc 1 93 1 view .LVU38
 143 0018 08B0     		add	sp, sp, #32
 144              	.LCFI3:
 145              		.cfi_remember_state
 146              		.cfi_def_cfa_offset 8
 147              		@ sp needed
 148 001a 10BD     		pop	{r4, pc}
 149              	.LVL4:
 150              	.L10:
 151              	.LCFI4:
 152              		.cfi_restore_state
  72:Core/Src/can.c **** 
 153              		.loc 1 72 5 is_stmt 1 view .LVU39
 154              	.LBB2:
  72:Core/Src/can.c **** 
 155              		.loc 1 72 5 view .LVU40
 156 001c 0024     		movs	r4, #0
 157 001e 0194     		str	r4, [sp, #4]
  72:Core/Src/can.c **** 
 158              		.loc 1 72 5 view .LVU41
 159 0020 03F5EA33 		add	r3, r3, #119808
 160 0024 1A6C     		ldr	r2, [r3, #64]
 161 0026 42F00072 		orr	r2, r2, #33554432
 162 002a 1A64     		str	r2, [r3, #64]
  72:Core/Src/can.c **** 
 163              		.loc 1 72 5 view .LVU42
 164 002c 1A6C     		ldr	r2, [r3, #64]
 165 002e 02F00072 		and	r2, r2, #33554432
 166 0032 0192     		str	r2, [sp, #4]
  72:Core/Src/can.c **** 
 167              		.loc 1 72 5 view .LVU43
 168 0034 019A     		ldr	r2, [sp, #4]
 169              	.LBE2:
  72:Core/Src/can.c **** 
 170              		.loc 1 72 5 view .LVU44
  74:Core/Src/can.c ****     /**CAN1 GPIO Configuration
 171              		.loc 1 74 5 view .LVU45
 172              	.LBB3:
  74:Core/Src/can.c ****     /**CAN1 GPIO Configuration
 173              		.loc 1 74 5 view .LVU46
 174 0036 0294     		str	r4, [sp, #8]
  74:Core/Src/can.c ****     /**CAN1 GPIO Configuration
 175              		.loc 1 74 5 view .LVU47
 176 0038 1A6B     		ldr	r2, [r3, #48]
 177 003a 42F00802 		orr	r2, r2, #8
 178 003e 1A63     		str	r2, [r3, #48]
  74:Core/Src/can.c ****     /**CAN1 GPIO Configuration
 179              		.loc 1 74 5 view .LVU48
 180 0040 1B6B     		ldr	r3, [r3, #48]
 181 0042 03F00803 		and	r3, r3, #8
 182 0046 0293     		str	r3, [sp, #8]
  74:Core/Src/can.c ****     /**CAN1 GPIO Configuration
 183              		.loc 1 74 5 view .LVU49
ARM GAS  C:\Users\lsj\AppData\Local\Temp\ccea8vsg.s 			page 6


 184 0048 029B     		ldr	r3, [sp, #8]
 185              	.LBE3:
  74:Core/Src/can.c ****     /**CAN1 GPIO Configuration
 186              		.loc 1 74 5 view .LVU50
  79:Core/Src/can.c ****     GPIO_InitStruct.Mode = GPIO_MODE_AF_PP;
 187              		.loc 1 79 5 view .LVU51
  79:Core/Src/can.c ****     GPIO_InitStruct.Mode = GPIO_MODE_AF_PP;
 188              		.loc 1 79 25 is_stmt 0 view .LVU52
 189 004a 0323     		movs	r3, #3
 190 004c 0393     		str	r3, [sp, #12]
  80:Core/Src/can.c ****     GPIO_InitStruct.Pull = GPIO_NOPULL;
 191              		.loc 1 80 5 is_stmt 1 view .LVU53
  80:Core/Src/can.c ****     GPIO_InitStruct.Pull = GPIO_NOPULL;
 192              		.loc 1 80 26 is_stmt 0 view .LVU54
 193 004e 0222     		movs	r2, #2
 194 0050 0492     		str	r2, [sp, #16]
  81:Core/Src/can.c ****     GPIO_InitStruct.Speed = GPIO_SPEED_FREQ_VERY_HIGH;
 195              		.loc 1 81 5 is_stmt 1 view .LVU55
  82:Core/Src/can.c ****     GPIO_InitStruct.Alternate = GPIO_AF9_CAN1;
 196              		.loc 1 82 5 view .LVU56
  82:Core/Src/can.c ****     GPIO_InitStruct.Alternate = GPIO_AF9_CAN1;
 197              		.loc 1 82 27 is_stmt 0 view .LVU57
 198 0052 0693     		str	r3, [sp, #24]
  83:Core/Src/can.c ****     HAL_GPIO_Init(GPIOD, &GPIO_InitStruct);
 199              		.loc 1 83 5 is_stmt 1 view .LVU58
  83:Core/Src/can.c ****     HAL_GPIO_Init(GPIOD, &GPIO_InitStruct);
 200              		.loc 1 83 31 is_stmt 0 view .LVU59
 201 0054 0923     		movs	r3, #9
 202 0056 0793     		str	r3, [sp, #28]
  84:Core/Src/can.c **** 
 203              		.loc 1 84 5 is_stmt 1 view .LVU60
 204 0058 03A9     		add	r1, sp, #12
 205 005a 0748     		ldr	r0, .L11+4
 206              	.LVL5:
  84:Core/Src/can.c **** 
 207              		.loc 1 84 5 is_stmt 0 view .LVU61
 208 005c FFF7FEFF 		bl	HAL_GPIO_Init
 209              	.LVL6:
  87:Core/Src/can.c ****     HAL_NVIC_EnableIRQ(CAN1_RX0_IRQn);
 210              		.loc 1 87 5 is_stmt 1 view .LVU62
 211 0060 2246     		mov	r2, r4
 212 0062 2146     		mov	r1, r4
 213 0064 1420     		movs	r0, #20
 214 0066 FFF7FEFF 		bl	HAL_NVIC_SetPriority
 215              	.LVL7:
  88:Core/Src/can.c ****   /* USER CODE BEGIN CAN1_MspInit 1 */
 216              		.loc 1 88 5 view .LVU63
 217 006a 1420     		movs	r0, #20
 218 006c FFF7FEFF 		bl	HAL_NVIC_EnableIRQ
 219              	.LVL8:
 220              		.loc 1 93 1 is_stmt 0 view .LVU64
 221 0070 D2E7     		b	.L7
 222              	.L12:
 223 0072 00BF     		.align	2
 224              	.L11:
 225 0074 00640040 		.word	1073767424
 226 0078 000C0240 		.word	1073875968
ARM GAS  C:\Users\lsj\AppData\Local\Temp\ccea8vsg.s 			page 7


 227              		.cfi_endproc
 228              	.LFE135:
 230              		.section	.text.HAL_CAN_MspDeInit,"ax",%progbits
 231              		.align	1
 232              		.global	HAL_CAN_MspDeInit
 233              		.syntax unified
 234              		.thumb
 235              		.thumb_func
 237              	HAL_CAN_MspDeInit:
 238              	.LVL9:
 239              	.LFB136:
  94:Core/Src/can.c **** 
  95:Core/Src/can.c **** void HAL_CAN_MspDeInit(CAN_HandleTypeDef* canHandle)
  96:Core/Src/can.c **** {
 240              		.loc 1 96 1 is_stmt 1 view -0
 241              		.cfi_startproc
 242              		@ args = 0, pretend = 0, frame = 0
 243              		@ frame_needed = 0, uses_anonymous_args = 0
 244              		.loc 1 96 1 is_stmt 0 view .LVU66
 245 0000 08B5     		push	{r3, lr}
 246              	.LCFI5:
 247              		.cfi_def_cfa_offset 8
 248              		.cfi_offset 3, -8
 249              		.cfi_offset 14, -4
  97:Core/Src/can.c **** 
  98:Core/Src/can.c ****   if(canHandle->Instance==CAN1)
 250              		.loc 1 98 3 is_stmt 1 view .LVU67
 251              		.loc 1 98 15 is_stmt 0 view .LVU68
 252 0002 0268     		ldr	r2, [r0]
 253              		.loc 1 98 5 view .LVU69
 254 0004 084B     		ldr	r3, .L17
 255 0006 9A42     		cmp	r2, r3
 256 0008 00D0     		beq	.L16
 257              	.LVL10:
 258              	.L13:
  99:Core/Src/can.c ****   {
 100:Core/Src/can.c ****   /* USER CODE BEGIN CAN1_MspDeInit 0 */
 101:Core/Src/can.c **** 
 102:Core/Src/can.c ****   /* USER CODE END CAN1_MspDeInit 0 */
 103:Core/Src/can.c ****     /* Peripheral clock disable */
 104:Core/Src/can.c ****     __HAL_RCC_CAN1_CLK_DISABLE();
 105:Core/Src/can.c **** 
 106:Core/Src/can.c ****     /**CAN1 GPIO Configuration
 107:Core/Src/can.c ****     PD0     ------> CAN1_RX
 108:Core/Src/can.c ****     PD1     ------> CAN1_TX
 109:Core/Src/can.c ****     */
 110:Core/Src/can.c ****     HAL_GPIO_DeInit(GPIOD, GPIO_PIN_0|GPIO_PIN_1);
 111:Core/Src/can.c **** 
 112:Core/Src/can.c ****     /* CAN1 interrupt Deinit */
 113:Core/Src/can.c ****     HAL_NVIC_DisableIRQ(CAN1_RX0_IRQn);
 114:Core/Src/can.c ****   /* USER CODE BEGIN CAN1_MspDeInit 1 */
 115:Core/Src/can.c **** 
 116:Core/Src/can.c ****   /* USER CODE END CAN1_MspDeInit 1 */
 117:Core/Src/can.c ****   }
 118:Core/Src/can.c **** }
 259              		.loc 1 118 1 view .LVU70
 260 000a 08BD     		pop	{r3, pc}
ARM GAS  C:\Users\lsj\AppData\Local\Temp\ccea8vsg.s 			page 8


 261              	.LVL11:
 262              	.L16:
 104:Core/Src/can.c **** 
 263              		.loc 1 104 5 is_stmt 1 view .LVU71
 264 000c 074A     		ldr	r2, .L17+4
 265 000e 136C     		ldr	r3, [r2, #64]
 266 0010 23F00073 		bic	r3, r3, #33554432
 267 0014 1364     		str	r3, [r2, #64]
 110:Core/Src/can.c **** 
 268              		.loc 1 110 5 view .LVU72
 269 0016 0321     		movs	r1, #3
 270 0018 0548     		ldr	r0, .L17+8
 271              	.LVL12:
 110:Core/Src/can.c **** 
 272              		.loc 1 110 5 is_stmt 0 view .LVU73
 273 001a FFF7FEFF 		bl	HAL_GPIO_DeInit
 274              	.LVL13:
 113:Core/Src/can.c ****   /* USER CODE BEGIN CAN1_MspDeInit 1 */
 275              		.loc 1 113 5 is_stmt 1 view .LVU74
 276 001e 1420     		movs	r0, #20
 277 0020 FFF7FEFF 		bl	HAL_NVIC_DisableIRQ
 278              	.LVL14:
 279              		.loc 1 118 1 is_stmt 0 view .LVU75
 280 0024 F1E7     		b	.L13
 281              	.L18:
 282 0026 00BF     		.align	2
 283              	.L17:
 284 0028 00640040 		.word	1073767424
 285 002c 00380240 		.word	1073887232
 286 0030 000C0240 		.word	1073875968
 287              		.cfi_endproc
 288              	.LFE136:
 290              		.global	hcan1
 291              		.section	.bss.hcan1,"aw",%nobits
 292              		.align	2
 295              	hcan1:
 296 0000 00000000 		.space	40
 296      00000000 
 296      00000000 
 296      00000000 
 296      00000000 
 297              		.text
 298              	.Letext0:
 299              		.file 2 "Drivers/CMSIS/Device/ST/STM32F4xx/Include/stm32f407xx.h"
 300              		.file 3 "c:\\msys64\\mingw64\\arm-none-eabi\\include\\machine\\_default_types.h"
 301              		.file 4 "c:\\msys64\\mingw64\\arm-none-eabi\\include\\sys\\_stdint.h"
 302              		.file 5 "Drivers/CMSIS/Device/ST/STM32F4xx/Include/stm32f4xx.h"
 303              		.file 6 "Drivers/STM32F4xx_HAL_Driver/Inc/stm32f4xx_hal_def.h"
 304              		.file 7 "Drivers/STM32F4xx_HAL_Driver/Inc/stm32f4xx_hal_gpio.h"
 305              		.file 8 "Drivers/STM32F4xx_HAL_Driver/Inc/stm32f4xx_hal_can.h"
 306              		.file 9 "Drivers/STM32F4xx_HAL_Driver/Inc/stm32f4xx_hal_cortex.h"
 307              		.file 10 "Core/Inc/can.h"
 308              		.file 11 "Core/Inc/main.h"
ARM GAS  C:\Users\lsj\AppData\Local\Temp\ccea8vsg.s 			page 9


DEFINED SYMBOLS
                            *ABS*:00000000 can.c
C:\Users\lsj\AppData\Local\Temp\ccea8vsg.s:21     .text.MX_CAN1_Init:00000000 $t
C:\Users\lsj\AppData\Local\Temp\ccea8vsg.s:27     .text.MX_CAN1_Init:00000000 MX_CAN1_Init
C:\Users\lsj\AppData\Local\Temp\ccea8vsg.s:97     .text.MX_CAN1_Init:00000034 $d
C:\Users\lsj\AppData\Local\Temp\ccea8vsg.s:295    .bss.hcan1:00000000 hcan1
C:\Users\lsj\AppData\Local\Temp\ccea8vsg.s:103    .text.HAL_CAN_MspInit:00000000 $t
C:\Users\lsj\AppData\Local\Temp\ccea8vsg.s:109    .text.HAL_CAN_MspInit:00000000 HAL_CAN_MspInit
C:\Users\lsj\AppData\Local\Temp\ccea8vsg.s:225    .text.HAL_CAN_MspInit:00000074 $d
C:\Users\lsj\AppData\Local\Temp\ccea8vsg.s:231    .text.HAL_CAN_MspDeInit:00000000 $t
C:\Users\lsj\AppData\Local\Temp\ccea8vsg.s:237    .text.HAL_CAN_MspDeInit:00000000 HAL_CAN_MspDeInit
C:\Users\lsj\AppData\Local\Temp\ccea8vsg.s:284    .text.HAL_CAN_MspDeInit:00000028 $d
C:\Users\lsj\AppData\Local\Temp\ccea8vsg.s:292    .bss.hcan1:00000000 $d

UNDEFINED SYMBOLS
HAL_CAN_Init
Error_Handler
HAL_GPIO_Init
HAL_NVIC_SetPriority
HAL_NVIC_EnableIRQ
HAL_GPIO_DeInit
HAL_NVIC_DisableIRQ
