ARM GAS  C:\Users\lsj\AppData\Local\Temp\cc6HaMhQ.s 			page 1


   1              		.cpu cortex-m4
   2              		.arch armv7e-m
   3              		.fpu fpv4-sp-d16
   4              		.eabi_attribute 27, 1
   5              		.eabi_attribute 28, 1
   6              		.eabi_attribute 20, 1
   7              		.eabi_attribute 21, 1
   8              		.eabi_attribute 23, 3
   9              		.eabi_attribute 24, 1
  10              		.eabi_attribute 25, 1
  11              		.eabi_attribute 26, 1
  12              		.eabi_attribute 30, 1
  13              		.eabi_attribute 34, 1
  14              		.eabi_attribute 18, 4
  15              		.file	"pid.c"
  16              		.text
  17              	.Ltext0:
  18              		.cfi_sections	.debug_frame
  19              		.file 1 "Core/Src/pid.c"
  20              		.section	.text.Pid_Init,"ax",%progbits
  21              		.align	1
  22              		.global	Pid_Init
  23              		.syntax unified
  24              		.thumb
  25              		.thumb_func
  27              	Pid_Init:
  28              	.LVL0:
  29              	.LFB137:
   1:Core/Src/pid.c **** /*
   2:Core/Src/pid.c ****  * pid.c
   3:Core/Src/pid.c ****  *
   4:Core/Src/pid.c ****  *  Created on: Jun 16, 2024
   5:Core/Src/pid.c ****  *      Author: yu
   6:Core/Src/pid.c ****  */
   7:Core/Src/pid.c **** 
   8:Core/Src/pid.c **** 
   9:Core/Src/pid.c **** #include "pid.h"
  10:Core/Src/pid.c **** #include "bsp_can.h"
  11:Core/Src/pid.c **** #include "stdio.h"
  12:Core/Src/pid.c **** 
  13:Core/Src/pid.c **** PidTypedef speed_pid[6]={0};
  14:Core/Src/pid.c **** PidTypedef position_pid[2]={0};
  15:Core/Src/pid.c **** 
  16:Core/Src/pid.c **** float Current_value;
  17:Core/Src/pid.c **** float Last_value;
  18:Core/Src/pid.c **** float k;
  19:Core/Src/pid.c **** 
  20:Core/Src/pid.c **** 
  21:Core/Src/pid.c **** float zxh_output;
  22:Core/Src/pid.c **** void Pid_Init(PidTypedef *Pid ,float kp,float ki,float kd,float max_out,float dead_band,float integ
  23:Core/Src/pid.c **** {
  30              		.loc 1 23 1 view -0
  31              		.cfi_startproc
  32              		@ args = 0, pretend = 0, frame = 0
  33              		@ frame_needed = 0, uses_anonymous_args = 0
  34              		@ link register save eliminated.
  24:Core/Src/pid.c **** 	Pid->Kp=kp;
ARM GAS  C:\Users\lsj\AppData\Local\Temp\cc6HaMhQ.s 			page 2


  35              		.loc 1 24 2 view .LVU1
  36              		.loc 1 24 9 is_stmt 0 view .LVU2
  37 0000 80ED000A 		vstr.32	s0, [r0]
  25:Core/Src/pid.c **** 	Pid->Ki=ki;
  38              		.loc 1 25 2 is_stmt 1 view .LVU3
  39              		.loc 1 25 9 is_stmt 0 view .LVU4
  40 0004 C0ED010A 		vstr.32	s1, [r0, #4]
  26:Core/Src/pid.c **** 	Pid->Kd=kd;
  41              		.loc 1 26 2 is_stmt 1 view .LVU5
  42              		.loc 1 26 9 is_stmt 0 view .LVU6
  43 0008 80ED021A 		vstr.32	s2, [r0, #8]
  27:Core/Src/pid.c **** 	Pid->Input=0;
  44              		.loc 1 27 2 is_stmt 1 view .LVU7
  45              		.loc 1 27 12 is_stmt 0 view .LVU8
  46 000c 0023     		movs	r3, #0
  47 000e 4361     		str	r3, [r0, #20]	@ float
  28:Core/Src/pid.c **** 	Pid->Output=0;
  48              		.loc 1 28 2 is_stmt 1 view .LVU9
  49              		.loc 1 28 13 is_stmt 0 view .LVU10
  50 0010 8361     		str	r3, [r0, #24]	@ float
  29:Core/Src/pid.c **** 	Pid->Integral=integral;//ń¦»Õłå
  51              		.loc 1 29 2 is_stmt 1 view .LVU11
  52              		.loc 1 29 15 is_stmt 0 view .LVU12
  53 0012 C0ED042A 		vstr.32	s5, [r0, #16]
  30:Core/Src/pid.c **** 	Pid->Dead_Band=dead_band;//µŁ╗ķ®▒
  54              		.loc 1 30 2 is_stmt 1 view .LVU13
  55              		.loc 1 30 16 is_stmt 0 view .LVU14
  56 0016 80ED082A 		vstr.32	s4, [r0, #32]
  31:Core/Src/pid.c **** 	Pid->Max_out=max_out;//µ£ĆÕż¦ĶŠōÕć║
  57              		.loc 1 31 2 is_stmt 1 view .LVU15
  58              		.loc 1 31 14 is_stmt 0 view .LVU16
  59 001a C0ED091A 		vstr.32	s3, [r0, #36]
  32:Core/Src/pid.c **** //	Pid->Max_input=max_input;//µ£ĆÕż¦ĶŠōÕģź
  33:Core/Src/pid.c **** 	Pid->Integral=0;
  60              		.loc 1 33 2 is_stmt 1 view .LVU17
  61              		.loc 1 33 15 is_stmt 0 view .LVU18
  62 001e 0361     		str	r3, [r0, #16]	@ float
  34:Core/Src/pid.c **** 	Pid->E[0]=0;
  63              		.loc 1 34 2 is_stmt 1 view .LVU19
  64              		.loc 1 34 11 is_stmt 0 view .LVU20
  65 0020 C362     		str	r3, [r0, #44]	@ float
  35:Core/Src/pid.c **** 	Pid->E[1]=0;
  66              		.loc 1 35 2 is_stmt 1 view .LVU21
  67              		.loc 1 35 11 is_stmt 0 view .LVU22
  68 0022 0363     		str	r3, [r0, #48]	@ float
  36:Core/Src/pid.c **** 	Pid->E[2]=0;
  69              		.loc 1 36 2 is_stmt 1 view .LVU23
  70              		.loc 1 36 11 is_stmt 0 view .LVU24
  71 0024 4363     		str	r3, [r0, #52]	@ float
  37:Core/Src/pid.c **** 	Pid->D_last=0;
  72              		.loc 1 37 2 is_stmt 1 view .LVU25
  73              		.loc 1 37 13 is_stmt 0 view .LVU26
  74 0026 8363     		str	r3, [r0, #56]	@ float
  38:Core/Src/pid.c **** 	Pid->Integral_Max=integral_max;//µ£ĆÕż¦ń¦»Õłå
  75              		.loc 1 38 2 is_stmt 1 view .LVU27
  76              		.loc 1 38 19 is_stmt 0 view .LVU28
  77 0028 C0ED073A 		vstr.32	s7, [r0, #28]
ARM GAS  C:\Users\lsj\AppData\Local\Temp\cc6HaMhQ.s 			page 3


  39:Core/Src/pid.c **** 	Pid->separationThreshold=SeparationThreshold;
  78              		.loc 1 39 2 is_stmt 1 view .LVU29
  79              		.loc 1 39 26 is_stmt 0 view .LVU30
  80 002c 80ED033A 		vstr.32	s6, [r0, #12]
  40:Core/Src/pid.c **** 
  41:Core/Src/pid.c **** }
  81              		.loc 1 41 1 view .LVU31
  82 0030 7047     		bx	lr
  83              		.cfi_endproc
  84              	.LFE137:
  86              		.section	.text.func_Limit,"ax",%progbits
  87              		.align	1
  88              		.global	func_Limit
  89              		.syntax unified
  90              		.thumb
  91              		.thumb_func
  93              	func_Limit:
  94              	.LVL1:
  95              	.LFB138:
  42:Core/Src/pid.c **** 
  43:Core/Src/pid.c **** float func_Limit(float value,float max,float min)
  44:Core/Src/pid.c **** {
  96              		.loc 1 44 1 is_stmt 1 view -0
  97              		.cfi_startproc
  98              		@ args = 0, pretend = 0, frame = 0
  99              		@ frame_needed = 0, uses_anonymous_args = 0
 100              		@ link register save eliminated.
  45:Core/Src/pid.c **** 	if(value>max)
 101              		.loc 1 45 2 view .LVU33
 102              		.loc 1 45 4 is_stmt 0 view .LVU34
 103 0000 B4EEE00A 		vcmpe.f32	s0, s1
 104 0004 F1EE10FA 		vmrs	APSR_nzcv, FPSCR
 105 0008 07DC     		bgt	.L5
  46:Core/Src/pid.c **** 	{
  47:Core/Src/pid.c **** 		return value=max;
  48:Core/Src/pid.c **** 	}
  49:Core/Src/pid.c **** 	else if(value<min)
 106              		.loc 1 49 7 is_stmt 1 view .LVU35
 107              		.loc 1 49 9 is_stmt 0 view .LVU36
 108 000a B4EEC10A 		vcmpe.f32	s0, s2
 109 000e F1EE10FA 		vmrs	APSR_nzcv, FPSCR
 110 0012 04D5     		bpl	.L2
  50:Core/Src/pid.c **** 	{
  51:Core/Src/pid.c **** 		return value=min;
 111              		.loc 1 51 15 view .LVU37
 112 0014 B0EE410A 		vmov.f32	s0, s2
 113              	.LVL2:
 114              		.loc 1 51 15 view .LVU38
 115 0018 7047     		bx	lr
 116              	.LVL3:
 117              	.L5:
  47:Core/Src/pid.c **** 	}
 118              		.loc 1 47 15 view .LVU39
 119 001a B0EE600A 		vmov.f32	s0, s1
 120              	.LVL4:
 121              	.L2:
  52:Core/Src/pid.c **** 	}
ARM GAS  C:\Users\lsj\AppData\Local\Temp\cc6HaMhQ.s 			page 4


  53:Core/Src/pid.c **** 	else
  54:Core/Src/pid.c **** 		return value;
  55:Core/Src/pid.c **** }
 122              		.loc 1 55 1 view .LVU40
 123 001e 7047     		bx	lr
 124              		.cfi_endproc
 125              	.LFE138:
 127              		.section	.text.funca_abs,"ax",%progbits
 128              		.align	1
 129              		.global	funca_abs
 130              		.syntax unified
 131              		.thumb
 132              		.thumb_func
 134              	funca_abs:
 135              	.LVL5:
 136              	.LFB139:
  56:Core/Src/pid.c **** 
  57:Core/Src/pid.c **** float funca_abs(float value)
  58:Core/Src/pid.c **** {
 137              		.loc 1 58 1 is_stmt 1 view -0
 138              		.cfi_startproc
 139              		@ args = 0, pretend = 0, frame = 0
 140              		@ frame_needed = 0, uses_anonymous_args = 0
 141              		@ link register save eliminated.
  59:Core/Src/pid.c **** 	if(value>=0)
 142              		.loc 1 59 2 view .LVU42
 143              		.loc 1 59 4 is_stmt 0 view .LVU43
 144 0000 B5EEC00A 		vcmpe.f32	s0, #0
 145 0004 F1EE10FA 		vmrs	APSR_nzcv, FPSCR
 146 0008 00DB     		blt	.L11
 147              	.LVL6:
 148              	.L10:
  60:Core/Src/pid.c **** 		return value;
  61:Core/Src/pid.c **** 	else
  62:Core/Src/pid.c **** 		return -value;
  63:Core/Src/pid.c **** }
 149              		.loc 1 63 1 view .LVU44
 150 000a 7047     		bx	lr
 151              	.LVL7:
 152              	.L11:
  62:Core/Src/pid.c **** }
 153              		.loc 1 62 3 is_stmt 1 view .LVU45
  62:Core/Src/pid.c **** }
 154              		.loc 1 62 10 is_stmt 0 view .LVU46
 155 000c B1EE400A 		vneg.f32	s0, s0
 156              	.LVL8:
  62:Core/Src/pid.c **** }
 157              		.loc 1 62 10 view .LVU47
 158 0010 FBE7     		b	.L10
 159              		.cfi_endproc
 160              	.LFE139:
 162              		.section	.text.func_abs,"ax",%progbits
 163              		.align	1
 164              		.global	func_abs
 165              		.syntax unified
 166              		.thumb
 167              		.thumb_func
ARM GAS  C:\Users\lsj\AppData\Local\Temp\cc6HaMhQ.s 			page 5


 169              	func_abs:
 170              	.LVL9:
 171              	.LFB140:
  64:Core/Src/pid.c **** float func_abs(float value)
  65:Core/Src/pid.c **** {
 172              		.loc 1 65 1 is_stmt 1 view -0
 173              		.cfi_startproc
 174              		@ args = 0, pretend = 0, frame = 0
 175              		@ frame_needed = 0, uses_anonymous_args = 0
 176              		@ link register save eliminated.
  66:Core/Src/pid.c **** 	if(value>=0)
 177              		.loc 1 66 2 view .LVU49
 178              		.loc 1 66 4 is_stmt 0 view .LVU50
 179 0000 B5EEC00A 		vcmpe.f32	s0, #0
 180 0004 F1EE10FA 		vmrs	APSR_nzcv, FPSCR
 181 0008 00DB     		blt	.L14
 182              	.LVL10:
 183              	.L13:
  67:Core/Src/pid.c **** 		return value;
  68:Core/Src/pid.c **** 	else
  69:Core/Src/pid.c **** 		return -value;
  70:Core/Src/pid.c **** }
 184              		.loc 1 70 1 view .LVU51
 185 000a 7047     		bx	lr
 186              	.LVL11:
 187              	.L14:
  69:Core/Src/pid.c **** }
 188              		.loc 1 69 3 is_stmt 1 view .LVU52
  69:Core/Src/pid.c **** }
 189              		.loc 1 69 10 is_stmt 0 view .LVU53
 190 000c B1EE400A 		vneg.f32	s0, s0
 191              	.LVL12:
  69:Core/Src/pid.c **** }
 192              		.loc 1 69 10 view .LVU54
 193 0010 FBE7     		b	.L13
 194              		.cfi_endproc
 195              	.LFE140:
 197              		.section	.text.PID_Calc,"ax",%progbits
 198              		.align	1
 199              		.global	PID_Calc
 200              		.syntax unified
 201              		.thumb
 202              		.thumb_func
 204              	PID_Calc:
 205              	.LVL13:
 206              	.LFB141:
  71:Core/Src/pid.c **** 
  72:Core/Src/pid.c **** void PID_Calc(PidTypedef *Pid,float return_value,float set_value)//ķĆ¤Õ║”ńÄ»
  73:Core/Src/pid.c **** {
 207              		.loc 1 73 1 is_stmt 1 view -0
 208              		.cfi_startproc
 209              		@ args = 0, pretend = 0, frame = 0
 210              		@ frame_needed = 0, uses_anonymous_args = 0
 211              		.loc 1 73 1 is_stmt 0 view .LVU56
 212 0000 10B5     		push	{r4, lr}
 213              	.LCFI0:
 214              		.cfi_def_cfa_offset 8
ARM GAS  C:\Users\lsj\AppData\Local\Temp\cc6HaMhQ.s 			page 6


 215              		.cfi_offset 4, -8
 216              		.cfi_offset 14, -4
 217 0002 2DED028B 		vpush.64	{d8}
 218              	.LCFI1:
 219              		.cfi_def_cfa_offset 16
 220              		.cfi_offset 80, -16
 221              		.cfi_offset 81, -12
 222 0006 0446     		mov	r4, r0
  74:Core/Src/pid.c **** 	float p=0,i=0,d=0;
 223              		.loc 1 74 2 is_stmt 1 view .LVU57
 224              	.LVL14:
  75:Core/Src/pid.c **** 	    // õ┐ØÕŁśÕēŹõĖĆµ¼ĪÕÆīÕēŹõĖżµ¼ĪĶ»»ÕĘ«
  76:Core/Src/pid.c **** 	    Pid->E[0] = Pid->E[1];
 225              		.loc 1 76 6 view .LVU58
 226              		.loc 1 76 24 is_stmt 0 view .LVU59
 227 0008 036B     		ldr	r3, [r0, #48]	@ float
 228              		.loc 1 76 16 view .LVU60
 229 000a C362     		str	r3, [r0, #44]	@ float
  77:Core/Src/pid.c **** 	    Pid->E[1] = Pid->E[2];
 230              		.loc 1 77 6 is_stmt 1 view .LVU61
 231              		.loc 1 77 24 is_stmt 0 view .LVU62
 232 000c D0ED0D8A 		vldr.32	s17, [r0, #52]
 233              		.loc 1 77 16 view .LVU63
 234 0010 C0ED0C8A 		vstr.32	s17, [r0, #48]
  78:Core/Src/pid.c **** 
  79:Core/Src/pid.c **** 	    Pid->E[2]=set_value-return_value;//	Pid->Integral+=Pid->E[2];
 235              		.loc 1 79 6 is_stmt 1 view .LVU64
 236              		.loc 1 79 25 is_stmt 0 view .LVU65
 237 0014 30EEC08A 		vsub.f32	s16, s1, s0
 238              		.loc 1 79 15 view .LVU66
 239 0018 80ED0D8A 		vstr.32	s16, [r0, #52]
  80:Core/Src/pid.c **** 	if(Pid->Mode==0)//õĮŹńĮ«ńÄ»
 240              		.loc 1 80 2 is_stmt 1 view .LVU67
 241              		.loc 1 80 8 is_stmt 0 view .LVU68
 242 001c 90F83C30 		ldrb	r3, [r0, #60]	@ zero_extendqisi2
 243              		.loc 1 80 4 view .LVU69
 244 0020 ABBB     		cbnz	r3, .L16
  81:Core/Src/pid.c **** 	{
  82:Core/Src/pid.c **** 
  83:Core/Src/pid.c **** 			Pid->Integral+=Pid->Ki*Pid->E[2];//Kiõ╣śĶ»»ÕĘ«’╝īńäČÕÉÄĶ«®Õ«āń┤»ÕŖĀÕŠŚÕł░ń¦»Õłå
 245              		.loc 1 83 4 is_stmt 1 view .LVU70
 246              		.loc 1 83 7 is_stmt 0 view .LVU71
 247 0022 90ED040A 		vldr.32	s0, [r0, #16]
 248              	.LVL15:
 249              		.loc 1 83 22 view .LVU72
 250 0026 D0ED017A 		vldr.32	s15, [r0, #4]
 251              		.loc 1 83 26 view .LVU73
 252 002a 68EE277A 		vmul.f32	s15, s16, s15
 253              		.loc 1 83 17 view .LVU74
 254 002e 30EE270A 		vadd.f32	s0, s0, s15
 255 0032 80ED040A 		vstr.32	s0, [r0, #16]
  84:Core/Src/pid.c **** 			Pid->Integral=func_Limit(Pid->Integral,Pid->Integral_Max,-(Pid->Integral_Max));
 256              		.loc 1 84 4 is_stmt 1 view .LVU75
 257              		.loc 1 84 18 is_stmt 0 view .LVU76
 258 0036 D0ED070A 		vldr.32	s1, [r0, #28]
 259              	.LVL16:
 260              		.loc 1 84 18 view .LVU77
ARM GAS  C:\Users\lsj\AppData\Local\Temp\cc6HaMhQ.s 			page 7


 261 003a B1EE601A 		vneg.f32	s2, s1
 262 003e FFF7FEFF 		bl	func_Limit
 263              	.LVL17:
 264              		.loc 1 84 17 view .LVU78
 265 0042 84ED040A 		vstr.32	s0, [r4, #16]
  85:Core/Src/pid.c **** 
  86:Core/Src/pid.c **** 
  87:Core/Src/pid.c **** 			p=Pid->Kp*(Pid->E[2]);
 266              		.loc 1 87 4 is_stmt 1 view .LVU79
 267              		.loc 1 87 9 is_stmt 0 view .LVU80
 268 0046 94ED007A 		vldr.32	s14, [r4]
 269              		.loc 1 87 5 view .LVU81
 270 004a 28EE077A 		vmul.f32	s14, s16, s14
 271              	.LVL18:
  88:Core/Src/pid.c **** 			i=Pid->Integral;
 272              		.loc 1 88 4 is_stmt 1 view .LVU82
  89:Core/Src/pid.c **** 			d=(Pid->Kd)*(Pid->E[2]-Pid->E[1]);
 273              		.loc 1 89 4 view .LVU83
 274              		.loc 1 89 10 is_stmt 0 view .LVU84
 275 004e D4ED027A 		vldr.32	s15, [r4, #8]
 276              		.loc 1 89 26 view .LVU85
 277 0052 38EE688A 		vsub.f32	s16, s16, s17
 278              		.loc 1 89 5 view .LVU86
 279 0056 67EE887A 		vmul.f32	s15, s15, s16
 280              	.LVL19:
  90:Core/Src/pid.c **** 			Pid->D_last=d;//õĖŹń¤źķüōµ£ēõ╗Ćõ╣łńö©Õżä
 281              		.loc 1 90 4 is_stmt 1 view .LVU87
 282              		.loc 1 90 15 is_stmt 0 view .LVU88
 283 005a C4ED0E7A 		vstr.32	s15, [r4, #56]
  91:Core/Src/pid.c **** 			Pid->Output=(int16_t)func_Limit(p+i+d,Pid->Max_out,-(Pid->Max_out));
 284              		.loc 1 91 4 is_stmt 1 view .LVU89
 285              		.loc 1 91 37 is_stmt 0 view .LVU90
 286 005e 30EE070A 		vadd.f32	s0, s0, s14
 287              	.LVL20:
 288              		.loc 1 91 25 view .LVU91
 289 0062 D4ED090A 		vldr.32	s1, [r4, #36]
 290 0066 B1EE601A 		vneg.f32	s2, s1
 291 006a 30EE270A 		vadd.f32	s0, s0, s15
 292 006e FFF7FEFF 		bl	func_Limit
 293              	.LVL21:
 294              		.loc 1 91 16 view .LVU92
 295 0072 BDEEC00A 		vcvt.s32.f32	s0, s0
 296 0076 10EE103A 		vmov	r3, s0	@ int
 297 007a 1BB2     		sxth	r3, r3
 298 007c 00EE103A 		vmov	s0, r3	@ int
 299              		.loc 1 91 15 view .LVU93
 300 0080 B8EEC00A 		vcvt.f32.s32	s0, s0
 301 0084 84ED060A 		vstr.32	s0, [r4, #24]
 302              	.LVL22:
 303              	.L15:
  92:Core/Src/pid.c **** 
  93:Core/Src/pid.c **** 	}
  94:Core/Src/pid.c **** 	else if(Pid->Mode==1)//ķĆ¤Õ║”ńÄ»
  95:Core/Src/pid.c **** 	{
  96:Core/Src/pid.c **** 		if(func_abs(Pid->E[2])>=Pid->Dead_Band)//ÕĮōÕüÅÕĘ«ÕĆ╝Õż¦õ║ÄńŁēõ║ÄĶ┐ÖõĖ¬µŁ╗Õī║’╝īĶ┐øÕģźĶ┐ÖõĖ¬if
  97:Core/Src/pid.c **** 		{
  98:Core/Src/pid.c **** 			p=(Pid->Kp)*(Pid->E[2]-Pid->E[1]);
ARM GAS  C:\Users\lsj\AppData\Local\Temp\cc6HaMhQ.s 			page 8


  99:Core/Src/pid.c **** 			i=(Pid->Ki)*(Pid->E[2]);
 100:Core/Src/pid.c **** 			d=(Pid->Kd)*(Pid->E[2]-2*(Pid->E[1])+Pid->E[0]);//µ│©µäÅµ▓ĪÕåÖ*õ╣¤õ╝ÜÕć║ķöÖ
 101:Core/Src/pid.c **** 			Pid->Output=func_Limit(Pid->Output,Pid->Max_out,-(Pid->Max_out));
 102:Core/Src/pid.c **** 		}
 103:Core/Src/pid.c **** 	}
 104:Core/Src/pid.c **** 	else
 105:Core/Src/pid.c **** 		Pid->Output=0;
 106:Core/Src/pid.c **** 
 107:Core/Src/pid.c **** }
 304              		.loc 1 107 1 view .LVU94
 305 0088 BDEC028B 		vldm	sp!, {d8}
 306              	.LCFI2:
 307              		.cfi_remember_state
 308              		.cfi_restore 80
 309              		.cfi_restore 81
 310              		.cfi_def_cfa_offset 8
 311 008c 10BD     		pop	{r4, pc}
 312              	.LVL23:
 313              	.L16:
 314              	.LCFI3:
 315              		.cfi_restore_state
  94:Core/Src/pid.c **** 	{
 316              		.loc 1 94 7 is_stmt 1 view .LVU95
  94:Core/Src/pid.c **** 	{
 317              		.loc 1 94 9 is_stmt 0 view .LVU96
 318 008e 012B     		cmp	r3, #1
 319 0090 02D0     		beq	.L22
 105:Core/Src/pid.c **** 
 320              		.loc 1 105 3 is_stmt 1 view .LVU97
 105:Core/Src/pid.c **** 
 321              		.loc 1 105 14 is_stmt 0 view .LVU98
 322 0092 0023     		movs	r3, #0
 323 0094 8361     		str	r3, [r0, #24]	@ float
 324              		.loc 1 107 1 view .LVU99
 325 0096 F7E7     		b	.L15
 326              	.L22:
  96:Core/Src/pid.c **** 		{
 327              		.loc 1 96 3 is_stmt 1 view .LVU100
  96:Core/Src/pid.c **** 		{
 328              		.loc 1 96 6 is_stmt 0 view .LVU101
 329 0098 B0EE480A 		vmov.f32	s0, s16
 330              	.LVL24:
  96:Core/Src/pid.c **** 		{
 331              		.loc 1 96 6 view .LVU102
 332 009c FFF7FEFF 		bl	func_abs
 333              	.LVL25:
  96:Core/Src/pid.c **** 		{
 334              		.loc 1 96 30 view .LVU103
 335 00a0 D4ED087A 		vldr.32	s15, [r4, #32]
  96:Core/Src/pid.c **** 		{
 336              		.loc 1 96 5 view .LVU104
 337 00a4 B4EEE70A 		vcmpe.f32	s0, s15
 338 00a8 F1EE10FA 		vmrs	APSR_nzcv, FPSCR
 339 00ac ECDB     		blt	.L15
  98:Core/Src/pid.c **** 			i=(Pid->Ki)*(Pid->E[2]);
 340              		.loc 1 98 4 is_stmt 1 view .LVU105
 341              	.LVL26:
ARM GAS  C:\Users\lsj\AppData\Local\Temp\cc6HaMhQ.s 			page 9


  99:Core/Src/pid.c **** 			d=(Pid->Kd)*(Pid->E[2]-2*(Pid->E[1])+Pid->E[0]);//µ│©µäÅµ▓ĪÕåÖ*õ╣¤õ╝ÜÕć║ķöÖ
 342              		.loc 1 99 4 view .LVU106
 100:Core/Src/pid.c **** 			Pid->Output=func_Limit(Pid->Output,Pid->Max_out,-(Pid->Max_out));
 343              		.loc 1 100 4 view .LVU107
 101:Core/Src/pid.c **** 		}
 344              		.loc 1 101 4 view .LVU108
 101:Core/Src/pid.c **** 		}
 345              		.loc 1 101 16 is_stmt 0 view .LVU109
 346 00ae D4ED090A 		vldr.32	s1, [r4, #36]
 347 00b2 B1EE601A 		vneg.f32	s2, s1
 348 00b6 94ED060A 		vldr.32	s0, [r4, #24]
 349 00ba FFF7FEFF 		bl	func_Limit
 350              	.LVL27:
 101:Core/Src/pid.c **** 		}
 351              		.loc 1 101 15 view .LVU110
 352 00be 84ED060A 		vstr.32	s0, [r4, #24]
 353 00c2 E1E7     		b	.L15
 354              		.cfi_endproc
 355              	.LFE141:
 357              		.section	.text.PID_Calc_Position,"ax",%progbits
 358              		.align	1
 359              		.global	PID_Calc_Position
 360              		.syntax unified
 361              		.thumb
 362              		.thumb_func
 364              	PID_Calc_Position:
 365              	.LVL28:
 366              	.LFB142:
 108:Core/Src/pid.c **** 
 109:Core/Src/pid.c **** int Position_Moto;
 110:Core/Src/pid.c **** int Moto;
 111:Core/Src/pid.c **** 
 112:Core/Src/pid.c **** 
 113:Core/Src/pid.c **** 
 114:Core/Src/pid.c **** void PID_Calc_Position(PidTypedef *Pid,float return_value,float set_value)
 115:Core/Src/pid.c **** {
 367              		.loc 1 115 1 is_stmt 1 view -0
 368              		.cfi_startproc
 369              		@ args = 0, pretend = 0, frame = 0
 370              		@ frame_needed = 0, uses_anonymous_args = 0
 371              		.loc 1 115 1 is_stmt 0 view .LVU112
 372 0000 10B5     		push	{r4, lr}
 373              	.LCFI4:
 374              		.cfi_def_cfa_offset 8
 375              		.cfi_offset 4, -8
 376              		.cfi_offset 14, -4
 377 0002 2DED048B 		vpush.64	{d8, d9}
 378              	.LCFI5:
 379              		.cfi_def_cfa_offset 24
 380              		.cfi_offset 80, -24
 381              		.cfi_offset 81, -20
 382              		.cfi_offset 82, -16
 383              		.cfi_offset 83, -12
 384 0006 0446     		mov	r4, r0
 385 0008 F0EE408A 		vmov.f32	s17, s0
 386 000c B0EE600A 		vmov.f32	s0, s1
 387              	.LVL29:
ARM GAS  C:\Users\lsj\AppData\Local\Temp\cc6HaMhQ.s 			page 10


 116:Core/Src/pid.c **** 		float p1=0,i1=0,d1=0;
 388              		.loc 1 116 3 is_stmt 1 view .LVU113
 117:Core/Src/pid.c **** 		    // õ┐ØÕŁśÕēŹõĖĆµ¼ĪÕÆīÕēŹõĖżµ¼ĪĶ»»ÕĘ«
 118:Core/Src/pid.c **** 		    Pid->E[0] = Pid->E[1];
 389              		.loc 1 118 7 view .LVU114
 390              		.loc 1 118 25 is_stmt 0 view .LVU115
 391 0010 036B     		ldr	r3, [r0, #48]	@ float
 392              		.loc 1 118 17 view .LVU116
 393 0012 C362     		str	r3, [r0, #44]	@ float
 119:Core/Src/pid.c **** 		    Pid->E[1] = Pid->E[2];
 394              		.loc 1 119 7 is_stmt 1 view .LVU117
 395              		.loc 1 119 25 is_stmt 0 view .LVU118
 396 0014 90ED0D9A 		vldr.32	s18, [r0, #52]
 397              		.loc 1 119 17 view .LVU119
 398 0018 80ED0C9A 		vstr.32	s18, [r0, #48]
 120:Core/Src/pid.c **** 
 121:Core/Src/pid.c **** 		Pid->E[2]=func_Limit(set_value, Pid->Max_input,-(Pid->Max_input))-return_value;//ÕĮōÕēŹńÜäĶ»»ÕĘ«
 399              		.loc 1 121 3 is_stmt 1 view .LVU120
 400              		.loc 1 121 13 is_stmt 0 view .LVU121
 401 001c D0ED0A0A 		vldr.32	s1, [r0, #40]
 402              	.LVL30:
 403              		.loc 1 121 13 view .LVU122
 404 0020 B1EE601A 		vneg.f32	s2, s1
 405 0024 FFF7FEFF 		bl	func_Limit
 406              	.LVL31:
 407              		.loc 1 121 68 view .LVU123
 408 0028 70EE688A 		vsub.f32	s17, s0, s17
 409              	.LVL32:
 410              		.loc 1 121 12 view .LVU124
 411 002c C4ED0D8A 		vstr.32	s17, [r4, #52]
 122:Core/Src/pid.c **** 		if(Pid->Mode==0)//õĮŹńĮ«ńÄ»
 412              		.loc 1 122 3 is_stmt 1 view .LVU125
 413              		.loc 1 122 9 is_stmt 0 view .LVU126
 414 0030 94F83C30 		ldrb	r3, [r4, #60]	@ zero_extendqisi2
 415              		.loc 1 122 5 view .LVU127
 416 0034 B3BB     		cbnz	r3, .L23
 123:Core/Src/pid.c **** 		{
 124:Core/Src/pid.c **** 			if(func_abs(Pid->E[2])<=Pid->Integral)//Õ”éµ×£ÕĮōÕēŹĶ»»ÕĘ«ń╗ØÕ»╣ÕĆ╝Õ░Åõ║Äń¦»Õłå
 417              		.loc 1 124 4 is_stmt 1 view .LVU128
 418              		.loc 1 124 7 is_stmt 0 view .LVU129
 419 0036 B0EE680A 		vmov.f32	s0, s17
 420 003a FFF7FEFF 		bl	func_abs
 421              	.LVL33:
 422              		.loc 1 124 31 view .LVU130
 423 003e D4ED047A 		vldr.32	s15, [r4, #16]
 424              		.loc 1 124 6 view .LVU131
 425 0042 B4EEE70A 		vcmpe.f32	s0, s15
 426 0046 F1EE10FA 		vmrs	APSR_nzcv, FPSCR
 427 004a 0FD8     		bhi	.L25
 125:Core/Src/pid.c **** 			{
 126:Core/Src/pid.c **** 				Pid->Integral=Pid->Integral+((Pid->Ki)*(Pid->E[2])+(Pid->Ki)*(Pid->E[1]))/2;//µÜéµŚČõĖŹń¤źķüōÕ«
 428              		.loc 1 126 5 is_stmt 1 view .LVU132
 429              		.loc 1 126 38 is_stmt 0 view .LVU133
 430 004c D4ED016A 		vldr.32	s13, [r4, #4]
 431              		.loc 1 126 43 view .LVU134
 432 0050 28EEA67A 		vmul.f32	s14, s17, s13
 433              		.loc 1 126 65 view .LVU135
ARM GAS  C:\Users\lsj\AppData\Local\Temp\cc6HaMhQ.s 			page 11


 434 0054 69EE266A 		vmul.f32	s13, s18, s13
 435              		.loc 1 126 55 view .LVU136
 436 0058 37EE267A 		vadd.f32	s14, s14, s13
 437              		.loc 1 126 78 view .LVU137
 438 005c F6EE006A 		vmov.f32	s13, #5.0e-1
 439 0060 27EE267A 		vmul.f32	s14, s14, s13
 440              		.loc 1 126 32 view .LVU138
 441 0064 77EE877A 		vadd.f32	s15, s15, s14
 442              		.loc 1 126 18 view .LVU139
 443 0068 C4ED047A 		vstr.32	s15, [r4, #16]
 444              	.L25:
 127:Core/Src/pid.c **** 			}
 128:Core/Src/pid.c **** 			else
 129:Core/Src/pid.c **** 			{
 130:Core/Src/pid.c **** 				Pid->Integral=Pid->Integral;
 131:Core/Src/pid.c **** 			}
 132:Core/Src/pid.c **** 			Pid->Integral=func_Limit(Pid->Integral,Pid->Integral_Max,(-Pid->Integral_Max));
 445              		.loc 1 132 4 is_stmt 1 view .LVU140
 446              		.loc 1 132 18 is_stmt 0 view .LVU141
 447 006c D4ED070A 		vldr.32	s1, [r4, #28]
 448 0070 B1EE601A 		vneg.f32	s2, s1
 449 0074 94ED040A 		vldr.32	s0, [r4, #16]
 450 0078 FFF7FEFF 		bl	func_Limit
 451              	.LVL34:
 452              		.loc 1 132 17 view .LVU142
 453 007c 84ED040A 		vstr.32	s0, [r4, #16]
 133:Core/Src/pid.c **** 
 134:Core/Src/pid.c **** 
 135:Core/Src/pid.c **** 
 136:Core/Src/pid.c **** 			p1=Pid->Kp*(Pid->E[2]);
 454              		.loc 1 136 4 is_stmt 1 view .LVU143
 455              		.loc 1 136 10 is_stmt 0 view .LVU144
 456 0080 94ED007A 		vldr.32	s14, [r4]
 457              		.loc 1 136 6 view .LVU145
 458 0084 28EE877A 		vmul.f32	s14, s17, s14
 459              	.LVL35:
 137:Core/Src/pid.c **** 			i1=Pid->Integral;
 460              		.loc 1 137 4 is_stmt 1 view .LVU146
 138:Core/Src/pid.c **** 			d1=(Pid->Kd)*(Pid->E[2]-Pid->E[1]);
 461              		.loc 1 138 4 view .LVU147
 462              		.loc 1 138 11 is_stmt 0 view .LVU148
 463 0088 D4ED027A 		vldr.32	s15, [r4, #8]
 464              		.loc 1 138 27 view .LVU149
 465 008c 38EEC98A 		vsub.f32	s16, s17, s18
 466              		.loc 1 138 6 view .LVU150
 467 0090 67EE887A 		vmul.f32	s15, s15, s16
 468              	.LVL36:
 139:Core/Src/pid.c **** 			Pid->D_last=d1;//õĖŹń¤źķüōµ£ēõ╗Ćõ╣łńö©Õżä
 469              		.loc 1 139 4 is_stmt 1 view .LVU151
 470              		.loc 1 139 15 is_stmt 0 view .LVU152
 471 0094 C4ED0E7A 		vstr.32	s15, [r4, #56]
 140:Core/Src/pid.c **** 			Pid->Output=p1+i1+d1;
 472              		.loc 1 140 4 is_stmt 1 view .LVU153
 473              		.loc 1 140 18 is_stmt 0 view .LVU154
 474 0098 30EE070A 		vadd.f32	s0, s0, s14
 475              	.LVL37:
 476              		.loc 1 140 21 view .LVU155
ARM GAS  C:\Users\lsj\AppData\Local\Temp\cc6HaMhQ.s 			page 12


 477 009c 30EE270A 		vadd.f32	s0, s0, s15
 478              		.loc 1 140 15 view .LVU156
 479 00a0 84ED060A 		vstr.32	s0, [r4, #24]
 480              	.LVL38:
 481              	.L23:
 141:Core/Src/pid.c **** 
 142:Core/Src/pid.c **** 		}
 143:Core/Src/pid.c **** }
 482              		.loc 1 143 1 view .LVU157
 483 00a4 BDEC048B 		vldm	sp!, {d8-d9}
 484              	.LCFI6:
 485              		.cfi_restore 82
 486              		.cfi_restore 83
 487              		.cfi_restore 80
 488              		.cfi_restore 81
 489              		.cfi_def_cfa_offset 8
 490 00a8 10BD     		pop	{r4, pc}
 491              		.loc 1 143 1 view .LVU158
 492              		.cfi_endproc
 493              	.LFE142:
 495              		.section	.text.num_xielv,"ax",%progbits
 496              		.align	1
 497              		.global	num_xielv
 498              		.syntax unified
 499              		.thumb
 500              		.thumb_func
 502              	num_xielv:
 503              	.LVL39:
 504              	.LFB143:
 144:Core/Src/pid.c **** 
 145:Core/Src/pid.c **** //float num_value;
 146:Core/Src/pid.c **** float retain_value;
 147:Core/Src/pid.c **** float join_value=0;
 148:Core/Src/pid.c **** 
 149:Core/Src/pid.c **** 
 150:Core/Src/pid.c **** void num_xielv(float num_value,float hk)
 151:Core/Src/pid.c **** {
 505              		.loc 1 151 1 is_stmt 1 view -0
 506              		.cfi_startproc
 507              		@ args = 0, pretend = 0, frame = 0
 508              		@ frame_needed = 0, uses_anonymous_args = 0
 509              		@ link register save eliminated.
 152:Core/Src/pid.c **** 	float Last_num_value;
 510              		.loc 1 152 2 view .LVU160
 153:Core/Src/pid.c **** 	retain_value=num_value;
 511              		.loc 1 153 2 view .LVU161
 512              		.loc 1 153 14 is_stmt 0 view .LVU162
 513 0000 154B     		ldr	r3, .L41
 514 0002 83ED000A 		vstr.32	s0, [r3]
 154:Core/Src/pid.c **** 	if(num_value>0)
 515              		.loc 1 154 2 is_stmt 1 view .LVU163
 516              		.loc 1 154 4 is_stmt 0 view .LVU164
 517 0006 B5EEC00A 		vcmpe.f32	s0, #0
 518 000a F1EE10FA 		vmrs	APSR_nzcv, FPSCR
 519 000e 0DDD     		ble	.L30
 155:Core/Src/pid.c **** 	{
 156:Core/Src/pid.c **** 		join_value+=hk;
ARM GAS  C:\Users\lsj\AppData\Local\Temp\cc6HaMhQ.s 			page 13


 520              		.loc 1 156 3 is_stmt 1 view .LVU165
 521              		.loc 1 156 13 is_stmt 0 view .LVU166
 522 0010 124B     		ldr	r3, .L41+4
 523 0012 D3ED007A 		vldr.32	s15, [r3]
 524 0016 70EEA77A 		vadd.f32	s15, s1, s15
 525 001a C3ED007A 		vstr.32	s15, [r3]
 157:Core/Src/pid.c **** 		if(join_value>retain_value)
 526              		.loc 1 157 3 is_stmt 1 view .LVU167
 527              		.loc 1 157 5 is_stmt 0 view .LVU168
 528 001e F4EEC07A 		vcmpe.f32	s15, s0
 529 0022 F1EE10FA 		vmrs	APSR_nzcv, FPSCR
 530 0026 01DD     		ble	.L30
 158:Core/Src/pid.c **** 		{
 159:Core/Src/pid.c **** 			join_value=retain_value;
 531              		.loc 1 159 4 is_stmt 1 view .LVU169
 532              		.loc 1 159 14 is_stmt 0 view .LVU170
 533 0028 83ED000A 		vstr.32	s0, [r3]
 534              	.L30:
 160:Core/Src/pid.c **** 		}
 161:Core/Src/pid.c **** 	}
 162:Core/Src/pid.c **** 	if(num_value<0)
 535              		.loc 1 162 2 is_stmt 1 view .LVU171
 536              		.loc 1 162 4 is_stmt 0 view .LVU172
 537 002c B5EEC00A 		vcmpe.f32	s0, #0
 538 0030 F1EE10FA 		vmrs	APSR_nzcv, FPSCR
 539 0034 00D4     		bmi	.L40
 540              	.L29:
 163:Core/Src/pid.c **** 	{
 164:Core/Src/pid.c **** 		join_value-=hk;
 165:Core/Src/pid.c **** 		if(join_value<retain_value)
 166:Core/Src/pid.c **** 		{
 167:Core/Src/pid.c **** 			join_value=retain_value;
 168:Core/Src/pid.c **** 		}
 169:Core/Src/pid.c **** 	}
 170:Core/Src/pid.c **** //	if(num_value==0)
 171:Core/Src/pid.c **** //	{
 172:Core/Src/pid.c **** //		if((Last_num_value-num_value)>0)
 173:Core/Src/pid.c **** //		{
 174:Core/Src/pid.c **** //
 175:Core/Src/pid.c **** //		}
 176:Core/Src/pid.c **** //	}
 177:Core/Src/pid.c **** //
 178:Core/Src/pid.c **** //	Last_num_value=num_value;
 179:Core/Src/pid.c **** }
 541              		.loc 1 179 1 view .LVU173
 542 0036 7047     		bx	lr
 543              	.L40:
 164:Core/Src/pid.c **** 		if(join_value<retain_value)
 544              		.loc 1 164 3 is_stmt 1 view .LVU174
 164:Core/Src/pid.c **** 		if(join_value<retain_value)
 545              		.loc 1 164 13 is_stmt 0 view .LVU175
 546 0038 084B     		ldr	r3, .L41+4
 547 003a D3ED007A 		vldr.32	s15, [r3]
 548 003e 77EEE07A 		vsub.f32	s15, s15, s1
 549 0042 C3ED007A 		vstr.32	s15, [r3]
 165:Core/Src/pid.c **** 		{
 550              		.loc 1 165 3 is_stmt 1 view .LVU176
ARM GAS  C:\Users\lsj\AppData\Local\Temp\cc6HaMhQ.s 			page 14


 165:Core/Src/pid.c **** 		{
 551              		.loc 1 165 5 is_stmt 0 view .LVU177
 552 0046 F4EEC07A 		vcmpe.f32	s15, s0
 553 004a F1EE10FA 		vmrs	APSR_nzcv, FPSCR
 554 004e F2D5     		bpl	.L29
 167:Core/Src/pid.c **** 		}
 555              		.loc 1 167 4 is_stmt 1 view .LVU178
 167:Core/Src/pid.c **** 		}
 556              		.loc 1 167 14 is_stmt 0 view .LVU179
 557 0050 83ED000A 		vstr.32	s0, [r3]
 558              		.loc 1 179 1 view .LVU180
 559 0054 EFE7     		b	.L29
 560              	.L42:
 561 0056 00BF     		.align	2
 562              	.L41:
 563 0058 00000000 		.word	retain_value
 564 005c 00000000 		.word	join_value
 565              		.cfi_endproc
 566              	.LFE143:
 568              		.section	.text.rampIterate,"ax",%progbits
 569              		.align	1
 570              		.global	rampIterate
 571              		.syntax unified
 572              		.thumb
 573              		.thumb_func
 575              	rampIterate:
 576              	.LVL40:
 577              	.LFB144:
 180:Core/Src/pid.c **** 
 181:Core/Src/pid.c **** 
 182:Core/Src/pid.c **** //õĖĆõĖ¬Õæ©µ£¤ÕåģÕ»╣µ¢£ÕØĪÕćĮµĢ░ÕÅæńö¤ÕÖ©ńÜäµø┤µ¢░
 183:Core/Src/pid.c **** float rampIterate(RampGenerator*ramp)
 184:Core/Src/pid.c **** {
 578              		.loc 1 184 1 is_stmt 1 view -0
 579              		.cfi_startproc
 580              		@ args = 0, pretend = 0, frame = 0
 581              		@ frame_needed = 0, uses_anonymous_args = 0
 582              		@ link register save eliminated.
 185:Core/Src/pid.c **** 	if(ramp->isbusy)
 583              		.loc 1 185 2 view .LVU182
 584              		.loc 1 185 9 is_stmt 0 view .LVU183
 585 0000 037B     		ldrb	r3, [r0, #12]	@ zero_extendqisi2
 586              		.loc 1 185 4 view .LVU184
 587 0002 F3B1     		cbz	r3, .L44
 186:Core/Src/pid.c **** 	{
 187:Core/Src/pid.c **** 		if(ramp->CurrentValue<ramp->TargetValue)//Õ”éµ×£ÕĮōÕēŹÕĆ╝Õ░Åõ║Äńø«µĀćÕĆ╝
 588              		.loc 1 187 3 is_stmt 1 view .LVU185
 589              		.loc 1 187 10 is_stmt 0 view .LVU186
 590 0004 D0ED007A 		vldr.32	s15, [r0]
 591              		.loc 1 187 29 view .LVU187
 592 0008 90ED017A 		vldr.32	s14, [r0, #4]
 593              		.loc 1 187 5 view .LVU188
 594 000c F4EEC77A 		vcmpe.f32	s15, s14
 595 0010 F1EE10FA 		vmrs	APSR_nzcv, FPSCR
 596 0014 18D5     		bpl	.L55
 188:Core/Src/pid.c **** 		{
 189:Core/Src/pid.c **** 			ramp->CurrentValue+=ramp->Step;//ń┤»ÕŖĀ
ARM GAS  C:\Users\lsj\AppData\Local\Temp\cc6HaMhQ.s 			page 15


 597              		.loc 1 189 4 is_stmt 1 view .LVU189
 598              		.loc 1 189 28 is_stmt 0 view .LVU190
 599 0016 D0ED026A 		vldr.32	s13, [r0, #8]
 600              		.loc 1 189 22 view .LVU191
 601 001a 77EEA67A 		vadd.f32	s15, s15, s13
 602 001e C0ED007A 		vstr.32	s15, [r0]
 190:Core/Src/pid.c **** 			if(ramp->CurrentValue>ramp->TargetValue)//Õ”éµ×£ĶČģõ║å
 603              		.loc 1 190 4 is_stmt 1 view .LVU192
 604              		.loc 1 190 6 is_stmt 0 view .LVU193
 605 0022 B4EEE77A 		vcmpe.f32	s14, s15
 606 0026 F1EE10FA 		vmrs	APSR_nzcv, FPSCR
 607 002a 01D5     		bpl	.L47
 191:Core/Src/pid.c **** 			{
 192:Core/Src/pid.c **** 				ramp->CurrentValue=ramp->TargetValue;//Õ░▒ńø┤µÄźńŁēõ║Ä
 608              		.loc 1 192 5 is_stmt 1 view .LVU194
 609              		.loc 1 192 23 is_stmt 0 view .LVU195
 610 002c 80ED007A 		vstr.32	s14, [r0]
 611              	.L47:
 193:Core/Src/pid.c **** 			}
 194:Core/Src/pid.c **** 
 195:Core/Src/pid.c **** 		}
 196:Core/Src/pid.c **** 		else if(ramp->CurrentValue>ramp->TargetValue)//Õ”éµ×£ÕĮōÕēŹÕĆ╝Õ░Åõ║Äńø«µĀćÕĆ╝
 197:Core/Src/pid.c **** 		{
 198:Core/Src/pid.c **** 			ramp->CurrentValue-=ramp->Step;//ń┤»ÕćÅ
 199:Core/Src/pid.c **** 			if(ramp->CurrentValue<ramp->TargetValue)//Õ”éµ×£Õ░Åõ║å’╝īÕ░▒ńø┤µÄźńŁēõ║Ä
 200:Core/Src/pid.c **** 			{
 201:Core/Src/pid.c **** 				ramp->CurrentValue=ramp->TargetValue;
 202:Core/Src/pid.c **** 			}
 203:Core/Src/pid.c **** 		}
 204:Core/Src/pid.c **** 		//Õłżµ¢Łµś»ÕÉ”ĶŠŠÕł░ńø«µĀć
 205:Core/Src/pid.c **** 		if(ramp->CurrentValue==ramp->TargetValue)
 612              		.loc 1 205 3 is_stmt 1 view .LVU196
 613              		.loc 1 205 10 is_stmt 0 view .LVU197
 614 0030 D0ED007A 		vldr.32	s15, [r0]
 615              		.loc 1 205 5 view .LVU198
 616 0034 B4EE677A 		vcmp.f32	s14, s15
 617 0038 F1EE10FA 		vmrs	APSR_nzcv, FPSCR
 618 003c 01D1     		bne	.L44
 206:Core/Src/pid.c **** 		{
 207:Core/Src/pid.c **** 			ramp->isbusy=false;//ĶŠŠÕł░ńø«µĀć’╝īÕĮōõĮ£õĖŹÕ┐Öńóī
 619              		.loc 1 207 4 is_stmt 1 view .LVU199
 620              		.loc 1 207 16 is_stmt 0 view .LVU200
 621 003e 0023     		movs	r3, #0
 622 0040 0373     		strb	r3, [r0, #12]
 623              	.L44:
 208:Core/Src/pid.c **** 		}
 209:Core/Src/pid.c **** 
 210:Core/Src/pid.c **** 	}
 211:Core/Src/pid.c **** 
 212:Core/Src/pid.c **** 	return ramp->CurrentValue;
 624              		.loc 1 212 2 is_stmt 1 view .LVU201
 213:Core/Src/pid.c **** }
 625              		.loc 1 213 1 is_stmt 0 view .LVU202
 626 0042 90ED000A 		vldr.32	s0, [r0]
 627 0046 7047     		bx	lr
 628              	.L55:
 196:Core/Src/pid.c **** 		{
ARM GAS  C:\Users\lsj\AppData\Local\Temp\cc6HaMhQ.s 			page 16


 629              		.loc 1 196 8 is_stmt 1 view .LVU203
 196:Core/Src/pid.c **** 		{
 630              		.loc 1 196 10 is_stmt 0 view .LVU204
 631 0048 F4EEC77A 		vcmpe.f32	s15, s14
 632 004c F1EE10FA 		vmrs	APSR_nzcv, FPSCR
 633 0050 EEDD     		ble	.L47
 198:Core/Src/pid.c **** 			if(ramp->CurrentValue<ramp->TargetValue)//Õ”éµ×£Õ░Åõ║å’╝īÕ░▒ńø┤µÄźńŁēõ║Ä
 634              		.loc 1 198 4 is_stmt 1 view .LVU205
 198:Core/Src/pid.c **** 			if(ramp->CurrentValue<ramp->TargetValue)//Õ”éµ×£Õ░Åõ║å’╝īÕ░▒ńø┤µÄźńŁēõ║Ä
 635              		.loc 1 198 28 is_stmt 0 view .LVU206
 636 0052 D0ED026A 		vldr.32	s13, [r0, #8]
 198:Core/Src/pid.c **** 			if(ramp->CurrentValue<ramp->TargetValue)//Õ”éµ×£Õ░Åõ║å’╝īÕ░▒ńø┤µÄźńŁēõ║Ä
 637              		.loc 1 198 22 view .LVU207
 638 0056 77EEE67A 		vsub.f32	s15, s15, s13
 639 005a C0ED007A 		vstr.32	s15, [r0]
 199:Core/Src/pid.c **** 			{
 640              		.loc 1 199 4 is_stmt 1 view .LVU208
 199:Core/Src/pid.c **** 			{
 641              		.loc 1 199 6 is_stmt 0 view .LVU209
 642 005e B4EEE77A 		vcmpe.f32	s14, s15
 643 0062 F1EE10FA 		vmrs	APSR_nzcv, FPSCR
 644 0066 E3DD     		ble	.L47
 201:Core/Src/pid.c **** 			}
 645              		.loc 1 201 5 is_stmt 1 view .LVU210
 201:Core/Src/pid.c **** 			}
 646              		.loc 1 201 23 is_stmt 0 view .LVU211
 647 0068 80ED007A 		vstr.32	s14, [r0]
 648 006c E0E7     		b	.L47
 649              		.cfi_endproc
 650              	.LFE144:
 652              		.section	.text.rampInit,"ax",%progbits
 653              		.align	1
 654              		.global	rampInit
 655              		.syntax unified
 656              		.thumb
 657              		.thumb_func
 659              	rampInit:
 660              	.LVL41:
 661              	.LFB145:
 214:Core/Src/pid.c **** 
 215:Core/Src/pid.c **** //ÕłØÕ¦ŗÕī¢’╝īµ¢£ÕØĪÕÅæńö¤ÕÖ©
 216:Core/Src/pid.c **** void rampInit(RampGenerator*ramp,float startvalue,float targetvalue,float time,float cycletime)
 217:Core/Src/pid.c **** {
 662              		.loc 1 217 1 is_stmt 1 view -0
 663              		.cfi_startproc
 664              		@ args = 0, pretend = 0, frame = 0
 665              		@ frame_needed = 0, uses_anonymous_args = 0
 666              		@ link register save eliminated.
 218:Core/Src/pid.c **** 	//Õ░åÕĆ╝Õģłń╗ÖÕć║ÕÄ╗
 219:Core/Src/pid.c **** 	ramp->CurrentValue=startvalue;
 667              		.loc 1 219 2 view .LVU213
 668              		.loc 1 219 20 is_stmt 0 view .LVU214
 669 0000 80ED000A 		vstr.32	s0, [r0]
 220:Core/Src/pid.c **** 	ramp->TargetValue=targetvalue;
 670              		.loc 1 220 2 is_stmt 1 view .LVU215
 671              		.loc 1 220 19 is_stmt 0 view .LVU216
 672 0004 C0ED010A 		vstr.32	s1, [r0, #4]
ARM GAS  C:\Users\lsj\AppData\Local\Temp\cc6HaMhQ.s 			page 17


 221:Core/Src/pid.c **** 
 222:Core/Src/pid.c **** 	if(time!=0&&cycletime!=0)
 673              		.loc 1 222 2 is_stmt 1 view .LVU217
 674              		.loc 1 222 4 is_stmt 0 view .LVU218
 675 0008 B5EE401A 		vcmp.f32	s2, #0
 676 000c F1EE10FA 		vmrs	APSR_nzcv, FPSCR
 677 0010 0DD0     		beq	.L57
 678              		.loc 1 222 12 discriminator 1 view .LVU219
 679 0012 F5EE401A 		vcmp.f32	s3, #0
 680 0016 F1EE10FA 		vmrs	APSR_nzcv, FPSCR
 681 001a 08D0     		beq	.L57
 223:Core/Src/pid.c **** 	{
 224:Core/Src/pid.c **** 		ramp->Step=(targetvalue-startvalue)*(cycletime/time);//Ķ«Īń«ŚµŁźķĢ┐
 682              		.loc 1 224 3 is_stmt 1 view .LVU220
 683              		.loc 1 224 26 is_stmt 0 view .LVU221
 684 001c 70EEC00A 		vsub.f32	s1, s1, s0
 685              	.LVL42:
 686              		.loc 1 224 49 view .LVU222
 687 0020 C1EE817A 		vdiv.f32	s15, s3, s2
 688              		.loc 1 224 38 view .LVU223
 689 0024 60EEA70A 		vmul.f32	s1, s1, s15
 690              		.loc 1 224 13 view .LVU224
 691 0028 C0ED020A 		vstr.32	s1, [r0, #8]
 692 002c 01E0     		b	.L58
 693              	.LVL43:
 694              	.L57:
 225:Core/Src/pid.c **** 	}
 226:Core/Src/pid.c **** 	else
 227:Core/Src/pid.c **** 	{
 228:Core/Src/pid.c **** 		ramp->Step=0;//Ķ«®µŁźķĢ┐õĖ║0
 695              		.loc 1 228 3 is_stmt 1 view .LVU225
 696              		.loc 1 228 13 is_stmt 0 view .LVU226
 697 002e 0023     		movs	r3, #0
 698 0030 8360     		str	r3, [r0, #8]	@ float
 699              	.LVL44:
 700              	.L58:
 229:Core/Src/pid.c **** 	}
 230:Core/Src/pid.c **** 	ramp->isbusy=true;//õĖ║ń£¤Õ┐Ö
 701              		.loc 1 230 2 is_stmt 1 view .LVU227
 702              		.loc 1 230 14 is_stmt 0 view .LVU228
 703 0032 0123     		movs	r3, #1
 704 0034 0373     		strb	r3, [r0, #12]
 231:Core/Src/pid.c **** }
 705              		.loc 1 231 1 view .LVU229
 706 0036 7047     		bx	lr
 707              		.cfi_endproc
 708              	.LFE145:
 710              		.global	__aeabi_f2d
 711              		.global	__aeabi_ddiv
 712              		.global	__aeabi_d2f
 713              		.section	.text.xielv,"ax",%progbits
 714              		.align	1
 715              		.global	xielv
 716              		.syntax unified
 717              		.thumb
 718              		.thumb_func
 720              	xielv:
ARM GAS  C:\Users\lsj\AppData\Local\Temp\cc6HaMhQ.s 			page 18


 721              	.LVL45:
 722              	.LFB146:
 232:Core/Src/pid.c **** 
 233:Core/Src/pid.c **** //Ķ«Īń«ŚĶŠōÕć║ńÜäµ¢£ÕØĪÕćĮµĢ░
 234:Core/Src/pid.c **** void xielv(float output)
 235:Core/Src/pid.c **** {
 723              		.loc 1 235 1 is_stmt 1 view -0
 724              		.cfi_startproc
 725              		@ args = 0, pretend = 0, frame = 0
 726              		@ frame_needed = 0, uses_anonymous_args = 0
 727              		.loc 1 235 1 is_stmt 0 view .LVU231
 728 0000 08B5     		push	{r3, lr}
 729              	.LCFI7:
 730              		.cfi_def_cfa_offset 8
 731              		.cfi_offset 3, -8
 732              		.cfi_offset 14, -4
 733 0002 2DED028B 		vpush.64	{d8}
 734              	.LCFI8:
 735              		.cfi_def_cfa_offset 16
 736              		.cfi_offset 80, -16
 737              		.cfi_offset 81, -12
 738 0006 B0EE408A 		vmov.f32	s16, s0
 236:Core/Src/pid.c **** 			  Current_value=output;
 739              		.loc 1 236 6 is_stmt 1 view .LVU232
 740              		.loc 1 236 19 is_stmt 0 view .LVU233
 741 000a 1B4B     		ldr	r3, .L68+8
 742 000c 83ED000A 		vstr.32	s0, [r3]
 237:Core/Src/pid.c **** 			  k=(Current_value-Last_value)/0.001;
 743              		.loc 1 237 6 is_stmt 1 view .LVU234
 744              		.loc 1 237 22 is_stmt 0 view .LVU235
 745 0010 1A4B     		ldr	r3, .L68+12
 746 0012 D3ED007A 		vldr.32	s15, [r3]
 747 0016 70EE677A 		vsub.f32	s15, s0, s15
 748 001a 17EE900A 		vmov	r0, s15
 749 001e FFF7FEFF 		bl	__aeabi_f2d
 750              	.LVL46:
 751              		.loc 1 237 34 view .LVU236
 752 0022 13A3     		adr	r3, .L68
 753 0024 D3E90023 		ldrd	r2, [r3]
 754 0028 FFF7FEFF 		bl	__aeabi_ddiv
 755              	.LVL47:
 756 002c FFF7FEFF 		bl	__aeabi_d2f
 757              	.LVL48:
 758 0030 07EE900A 		vmov	s15, r0
 759              		.loc 1 237 7 view .LVU237
 760 0034 124B     		ldr	r3, .L68+16
 761 0036 1860     		str	r0, [r3]	@ float
 238:Core/Src/pid.c **** 			  if(k>1)
 762              		.loc 1 238 6 is_stmt 1 view .LVU238
 763              		.loc 1 238 8 is_stmt 0 view .LVU239
 764 0038 B7EE007A 		vmov.f32	s14, #1.0e+0
 765 003c F4EEC77A 		vcmpe.f32	s15, s14
 766 0040 F1EE10FA 		vmrs	APSR_nzcv, FPSCR
 767 0044 07DD     		ble	.L66
 239:Core/Src/pid.c **** 			  {
 240:Core/Src/pid.c **** 				  k=0.1;
 768              		.loc 1 240 7 is_stmt 1 view .LVU240
ARM GAS  C:\Users\lsj\AppData\Local\Temp\cc6HaMhQ.s 			page 19


 769              		.loc 1 240 8 is_stmt 0 view .LVU241
 770 0046 0F4A     		ldr	r2, .L68+20
 771 0048 1A60     		str	r2, [r3]	@ float
 772              	.L62:
 241:Core/Src/pid.c **** 			  }
 242:Core/Src/pid.c **** 			  else if(k<-1)
 243:Core/Src/pid.c **** 			  {
 244:Core/Src/pid.c **** 				  k=-0.1;
 245:Core/Src/pid.c **** 			  }
 246:Core/Src/pid.c **** 			  output=0.001*k+Last_value;
 773              		.loc 1 246 6 is_stmt 1 view .LVU242
 774              	.LVL49:
 247:Core/Src/pid.c **** 			  Last_value=Current_value;
 775              		.loc 1 247 6 view .LVU243
 776              		.loc 1 247 16 is_stmt 0 view .LVU244
 777 004a 0C4B     		ldr	r3, .L68+12
 778              		.loc 1 247 16 view .LVU245
 779 004c 83ED008A 		vstr.32	s16, [r3]
 248:Core/Src/pid.c **** 
 249:Core/Src/pid.c **** 
 250:Core/Src/pid.c **** }
 780              		.loc 1 250 1 view .LVU246
 781 0050 BDEC028B 		vldm	sp!, {d8}
 782              	.LCFI9:
 783              		.cfi_remember_state
 784              		.cfi_restore 80
 785              		.cfi_restore 81
 786              		.cfi_def_cfa_offset 8
 787 0054 08BD     		pop	{r3, pc}
 788              	.LVL50:
 789              	.L66:
 790              	.LCFI10:
 791              		.cfi_restore_state
 242:Core/Src/pid.c **** 			  {
 792              		.loc 1 242 11 is_stmt 1 view .LVU247
 242:Core/Src/pid.c **** 			  {
 793              		.loc 1 242 13 is_stmt 0 view .LVU248
 794 0056 BFEE007A 		vmov.f32	s14, #-1.0e+0
 795 005a F4EEC77A 		vcmpe.f32	s15, s14
 796 005e F1EE10FA 		vmrs	APSR_nzcv, FPSCR
 797 0062 F2D5     		bpl	.L62
 244:Core/Src/pid.c **** 			  }
 798              		.loc 1 244 7 is_stmt 1 view .LVU249
 244:Core/Src/pid.c **** 			  }
 799              		.loc 1 244 8 is_stmt 0 view .LVU250
 800 0064 064B     		ldr	r3, .L68+16
 801 0066 084A     		ldr	r2, .L68+24
 802 0068 1A60     		str	r2, [r3]	@ float
 803 006a EEE7     		b	.L62
 804              	.L69:
 805 006c AFF30080 		.align	3
 806              	.L68:
 807 0070 FCA9F1D2 		.word	-755914244
 808 0074 4D62503F 		.word	1062232653
 809 0078 00000000 		.word	Current_value
 810 007c 00000000 		.word	Last_value
 811 0080 00000000 		.word	k
ARM GAS  C:\Users\lsj\AppData\Local\Temp\cc6HaMhQ.s 			page 20


 812 0084 CDCCCC3D 		.word	1036831949
 813 0088 CDCCCCBD 		.word	-1110651699
 814              		.cfi_endproc
 815              	.LFE146:
 817              		.section	.text.zhuanxianghuan,"ax",%progbits
 818              		.align	1
 819              		.global	zhuanxianghuan
 820              		.syntax unified
 821              		.thumb
 822              		.thumb_func
 824              	zhuanxianghuan:
 825              	.LVL51:
 826              	.LFB147:
 251:Core/Src/pid.c **** //Ķ«Īń«ŚĶĮ¼ÕÉæÕĘ«
 252:Core/Src/pid.c **** void zhuanxianghuan(float zxh_value,float Ke)
 253:Core/Src/pid.c **** {
 827              		.loc 1 253 1 is_stmt 1 view -0
 828              		.cfi_startproc
 829              		@ args = 0, pretend = 0, frame = 0
 830              		@ frame_needed = 0, uses_anonymous_args = 0
 831              		@ link register save eliminated.
 254:Core/Src/pid.c **** 	float speed_bias;
 832              		.loc 1 254 2 view .LVU252
 255:Core/Src/pid.c **** 	speed_bias=Engine[2].speeed-Engine[0].speeed;
 833              		.loc 1 255 2 view .LVU253
 834              		.loc 1 255 22 is_stmt 0 view .LVU254
 835 0000 074A     		ldr	r2, .L71
 836 0002 B2F93230 		ldrsh	r3, [r2, #50]
 837              		.loc 1 255 39 view .LVU255
 838 0006 B2F90220 		ldrsh	r2, [r2, #2]
 839              		.loc 1 255 29 view .LVU256
 840 000a 9B1A     		subs	r3, r3, r2
 841              		.loc 1 255 12 view .LVU257
 842 000c 07EE903A 		vmov	s15, r3	@ int
 843 0010 F8EEE77A 		vcvt.f32.s32	s15, s15
 844              	.LVL52:
 256:Core/Src/pid.c **** 	zxh_output=Ke*speed_bias;
 845              		.loc 1 256 2 is_stmt 1 view .LVU258
 846              		.loc 1 256 15 is_stmt 0 view .LVU259
 847 0014 67EEA07A 		vmul.f32	s15, s15, s1
 848              	.LVL53:
 849              		.loc 1 256 12 view .LVU260
 850 0018 024B     		ldr	r3, .L71+4
 851              	.LVL54:
 852              		.loc 1 256 12 view .LVU261
 853 001a C3ED007A 		vstr.32	s15, [r3]
 257:Core/Src/pid.c **** }
 854              		.loc 1 257 1 view .LVU262
 855 001e 7047     		bx	lr
 856              	.L72:
 857              		.align	2
 858              	.L71:
 859 0020 00000000 		.word	Engine
 860 0024 00000000 		.word	zxh_output
 861              		.cfi_endproc
 862              	.LFE147:
 864              		.section	.text.first_order_filter,"ax",%progbits
ARM GAS  C:\Users\lsj\AppData\Local\Temp\cc6HaMhQ.s 			page 21


 865              		.align	1
 866              		.global	first_order_filter
 867              		.syntax unified
 868              		.thumb
 869              		.thumb_func
 871              	first_order_filter:
 872              	.LVL55:
 873              	.LFB148:
 258:Core/Src/pid.c **** float final = 0.0F;
 259:Core/Src/pid.c **** float A = 0.25F;    //ańÜäÕÅ¢ÕĆ╝õĖ║0~1
 260:Core/Src/pid.c **** float first_order_filter(float data)
 261:Core/Src/pid.c **** {
 874              		.loc 1 261 1 is_stmt 1 view -0
 875              		.cfi_startproc
 876              		@ args = 0, pretend = 0, frame = 0
 877              		@ frame_needed = 0, uses_anonymous_args = 0
 878              		@ link register save eliminated.
 262:Core/Src/pid.c **** 	final = A*data + (1-A)*final;    //õĖżµ¼ĪµĢ░µŹ«õ╣śõĖŖÕÉäĶć¬ńÜäµØāķćŹ
 879              		.loc 1 262 2 view .LVU264
 880              		.loc 1 262 11 is_stmt 0 view .LVU265
 881 0000 094B     		ldr	r3, .L74
 882 0002 93ED007A 		vldr.32	s14, [r3]
 883 0006 27EE000A 		vmul.f32	s0, s14, s0
 884              	.LVL56:
 885              		.loc 1 262 21 view .LVU266
 886 000a F7EE007A 		vmov.f32	s15, #1.0e+0
 887 000e 77EEC77A 		vsub.f32	s15, s15, s14
 888              		.loc 1 262 24 view .LVU267
 889 0012 064B     		ldr	r3, .L74+4
 890 0014 93ED007A 		vldr.32	s14, [r3]
 891 0018 67EE877A 		vmul.f32	s15, s15, s14
 892              		.loc 1 262 17 view .LVU268
 893 001c 30EE270A 		vadd.f32	s0, s0, s15
 894              		.loc 1 262 8 view .LVU269
 895 0020 83ED000A 		vstr.32	s0, [r3]
 263:Core/Src/pid.c **** 	return  (final);
 896              		.loc 1 263 2 is_stmt 1 view .LVU270
 264:Core/Src/pid.c **** }
 897              		.loc 1 264 1 is_stmt 0 view .LVU271
 898 0024 7047     		bx	lr
 899              	.L75:
 900 0026 00BF     		.align	2
 901              	.L74:
 902 0028 00000000 		.word	A
 903 002c 00000000 		.word	final
 904              		.cfi_endproc
 905              	.LFE148:
 907              		.global	__aeabi_dmul
 908              		.section	.text.turn,"ax",%progbits
 909              		.align	1
 910              		.global	turn
 911              		.syntax unified
 912              		.thumb
 913              		.thumb_func
 915              	turn:
 916              	.LVL57:
 917              	.LFB149:
ARM GAS  C:\Users\lsj\AppData\Local\Temp\cc6HaMhQ.s 			page 22


 265:Core/Src/pid.c **** 
 266:Core/Src/pid.c **** float speeed_Kp;
 267:Core/Src/pid.c **** float input_right;
 268:Core/Src/pid.c **** //ÕŠŚÕł░ńÜäĶĮ¼µ»ÅÕłå’╝īµö╣õĖ║ńĀüµ»Åń¦Æ
 269:Core/Src/pid.c **** int turn(float speeed_left, float speeed_right)
 270:Core/Src/pid.c **** {
 918              		.loc 1 270 1 is_stmt 1 view -0
 919              		.cfi_startproc
 920              		@ args = 0, pretend = 0, frame = 0
 921              		@ frame_needed = 0, uses_anonymous_args = 0
 922              		.loc 1 270 1 is_stmt 0 view .LVU273
 923 0000 08B5     		push	{r3, lr}
 924              	.LCFI11:
 925              		.cfi_def_cfa_offset 8
 926              		.cfi_offset 3, -8
 927              		.cfi_offset 14, -4
 928 0002 2DED028B 		vpush.64	{d8}
 929              	.LCFI12:
 930              		.cfi_def_cfa_offset 16
 931              		.cfi_offset 80, -16
 932              		.cfi_offset 81, -12
 271:Core/Src/pid.c **** 	float turn, speeed_bias;
 933              		.loc 1 271 2 is_stmt 1 view .LVU274
 272:Core/Src/pid.c **** 	speeed_bias = speeed_left - speeed_right;//ĶĮ¼µ»ÅÕłå
 934              		.loc 1 272 2 view .LVU275
 935              		.loc 1 272 14 is_stmt 0 view .LVU276
 936 0006 30EE608A 		vsub.f32	s16, s0, s1
 937              	.LVL58:
 273:Core/Src/pid.c **** 		// ÕŹĢõĮŹµŹóń«Ś      //
 274:Core/Src/pid.c **** 	input_right=2593.8166666666666666*speeed_bias;
 938              		.loc 1 274 2 is_stmt 1 view .LVU277
 939              		.loc 1 274 35 is_stmt 0 view .LVU278
 940 000a 18EE100A 		vmov	r0, s16
 941 000e FFF7FEFF 		bl	__aeabi_f2d
 942              	.LVL59:
 943              		.loc 1 274 35 view .LVU279
 944 0012 0DA3     		adr	r3, .L78+8
 945 0014 D3E90023 		ldrd	r2, [r3]
 946 0018 FFF7FEFF 		bl	__aeabi_dmul
 947              	.LVL60:
 948 001c FFF7FEFF 		bl	__aeabi_d2f
 949              	.LVL61:
 950              		.loc 1 274 13 view .LVU280
 951 0020 074B     		ldr	r3, .L78
 952 0022 1860     		str	r0, [r3]	@ float
 275:Core/Src/pid.c **** 	turn = speeed_Kp * speeed_bias;
 953              		.loc 1 275 2 is_stmt 1 view .LVU281
 954              		.loc 1 275 19 is_stmt 0 view .LVU282
 955 0024 074B     		ldr	r3, .L78+4
 956 0026 D3ED007A 		vldr.32	s15, [r3]
 957              		.loc 1 275 7 view .LVU283
 958 002a 67EE887A 		vmul.f32	s15, s15, s16
 959              	.LVL62:
 276:Core/Src/pid.c **** 	return turn;
 960              		.loc 1 276 2 is_stmt 1 view .LVU284
 277:Core/Src/pid.c **** }
 961              		.loc 1 277 1 is_stmt 0 view .LVU285
ARM GAS  C:\Users\lsj\AppData\Local\Temp\cc6HaMhQ.s 			page 23


 962 002e FDEEE77A 		vcvt.s32.f32	s15, s15
 963              	.LVL63:
 964              		.loc 1 277 1 view .LVU286
 965 0032 17EE900A 		vmov	r0, s15	@ int
 966 0036 BDEC028B 		vldm	sp!, {d8}
 967              	.LCFI13:
 968              		.cfi_restore 80
 969              		.cfi_restore 81
 970              		.cfi_def_cfa_offset 8
 971              	.LVL64:
 972              		.loc 1 277 1 view .LVU287
 973 003a 08BD     		pop	{r3, pc}
 974              	.LVL65:
 975              	.L79:
 976              		.loc 1 277 1 view .LVU288
 977 003c AFF30080 		.align	3
 978              	.L78:
 979 0040 00000000 		.word	input_right
 980 0044 00000000 		.word	speeed_Kp
 981 0048 22222222 		.word	572662306
 982 004c A243A440 		.word	1084507042
 983              		.cfi_endproc
 984              	.LFE149:
 986              		.global	input_right
 987              		.section	.bss.input_right,"aw",%nobits
 988              		.align	2
 991              	input_right:
 992 0000 00000000 		.space	4
 993              		.global	speeed_Kp
 994              		.section	.bss.speeed_Kp,"aw",%nobits
 995              		.align	2
 998              	speeed_Kp:
 999 0000 00000000 		.space	4
 1000              		.global	A
 1001              		.section	.data.A,"aw"
 1002              		.align	2
 1005              	A:
 1006 0000 0000803E 		.word	1048576000
 1007              		.global	final
 1008              		.section	.bss.final,"aw",%nobits
 1009              		.align	2
 1012              	final:
 1013 0000 00000000 		.space	4
 1014              		.global	join_value
 1015              		.section	.bss.join_value,"aw",%nobits
 1016              		.align	2
 1019              	join_value:
 1020 0000 00000000 		.space	4
 1021              		.global	retain_value
 1022              		.section	.bss.retain_value,"aw",%nobits
 1023              		.align	2
 1026              	retain_value:
 1027 0000 00000000 		.space	4
 1028              		.global	Moto
 1029              		.section	.bss.Moto,"aw",%nobits
 1030              		.align	2
 1033              	Moto:
ARM GAS  C:\Users\lsj\AppData\Local\Temp\cc6HaMhQ.s 			page 24


 1034 0000 00000000 		.space	4
 1035              		.global	Position_Moto
 1036              		.section	.bss.Position_Moto,"aw",%nobits
 1037              		.align	2
 1040              	Position_Moto:
 1041 0000 00000000 		.space	4
 1042              		.global	zxh_output
 1043              		.section	.bss.zxh_output,"aw",%nobits
 1044              		.align	2
 1047              	zxh_output:
 1048 0000 00000000 		.space	4
 1049              		.global	k
 1050              		.section	.bss.k,"aw",%nobits
 1051              		.align	2
 1054              	k:
 1055 0000 00000000 		.space	4
 1056              		.global	Last_value
 1057              		.section	.bss.Last_value,"aw",%nobits
 1058              		.align	2
 1061              	Last_value:
 1062 0000 00000000 		.space	4
 1063              		.global	Current_value
 1064              		.section	.bss.Current_value,"aw",%nobits
 1065              		.align	2
 1068              	Current_value:
 1069 0000 00000000 		.space	4
 1070              		.global	position_pid
 1071              		.section	.bss.position_pid,"aw",%nobits
 1072              		.align	2
 1075              	position_pid:
 1076 0000 00000000 		.space	128
 1076      00000000 
 1076      00000000 
 1076      00000000 
 1076      00000000 
 1077              		.global	speed_pid
 1078              		.section	.bss.speed_pid,"aw",%nobits
 1079              		.align	2
 1082              	speed_pid:
 1083 0000 00000000 		.space	384
 1083      00000000 
 1083      00000000 
 1083      00000000 
 1083      00000000 
 1084              		.text
 1085              	.Letext0:
 1086              		.file 2 "c:\\msys64\\mingw64\\arm-none-eabi\\include\\machine\\_default_types.h"
 1087              		.file 3 "c:\\msys64\\mingw64\\arm-none-eabi\\include\\sys\\_stdint.h"
 1088              		.file 4 "Core/Inc/bsp_can.h"
 1089              		.file 5 "Core/Inc/pid.h"
ARM GAS  C:\Users\lsj\AppData\Local\Temp\cc6HaMhQ.s 			page 25


DEFINED SYMBOLS
                            *ABS*:00000000 pid.c
C:\Users\lsj\AppData\Local\Temp\cc6HaMhQ.s:21     .text.Pid_Init:00000000 $t
C:\Users\lsj\AppData\Local\Temp\cc6HaMhQ.s:27     .text.Pid_Init:00000000 Pid_Init
C:\Users\lsj\AppData\Local\Temp\cc6HaMhQ.s:87     .text.func_Limit:00000000 $t
C:\Users\lsj\AppData\Local\Temp\cc6HaMhQ.s:93     .text.func_Limit:00000000 func_Limit
C:\Users\lsj\AppData\Local\Temp\cc6HaMhQ.s:128    .text.funca_abs:00000000 $t
C:\Users\lsj\AppData\Local\Temp\cc6HaMhQ.s:134    .text.funca_abs:00000000 funca_abs
C:\Users\lsj\AppData\Local\Temp\cc6HaMhQ.s:163    .text.func_abs:00000000 $t
C:\Users\lsj\AppData\Local\Temp\cc6HaMhQ.s:169    .text.func_abs:00000000 func_abs
C:\Users\lsj\AppData\Local\Temp\cc6HaMhQ.s:198    .text.PID_Calc:00000000 $t
C:\Users\lsj\AppData\Local\Temp\cc6HaMhQ.s:204    .text.PID_Calc:00000000 PID_Calc
C:\Users\lsj\AppData\Local\Temp\cc6HaMhQ.s:358    .text.PID_Calc_Position:00000000 $t
C:\Users\lsj\AppData\Local\Temp\cc6HaMhQ.s:364    .text.PID_Calc_Position:00000000 PID_Calc_Position
C:\Users\lsj\AppData\Local\Temp\cc6HaMhQ.s:496    .text.num_xielv:00000000 $t
C:\Users\lsj\AppData\Local\Temp\cc6HaMhQ.s:502    .text.num_xielv:00000000 num_xielv
C:\Users\lsj\AppData\Local\Temp\cc6HaMhQ.s:563    .text.num_xielv:00000058 $d
C:\Users\lsj\AppData\Local\Temp\cc6HaMhQ.s:1026   .bss.retain_value:00000000 retain_value
C:\Users\lsj\AppData\Local\Temp\cc6HaMhQ.s:1019   .bss.join_value:00000000 join_value
C:\Users\lsj\AppData\Local\Temp\cc6HaMhQ.s:569    .text.rampIterate:00000000 $t
C:\Users\lsj\AppData\Local\Temp\cc6HaMhQ.s:575    .text.rampIterate:00000000 rampIterate
C:\Users\lsj\AppData\Local\Temp\cc6HaMhQ.s:653    .text.rampInit:00000000 $t
C:\Users\lsj\AppData\Local\Temp\cc6HaMhQ.s:659    .text.rampInit:00000000 rampInit
C:\Users\lsj\AppData\Local\Temp\cc6HaMhQ.s:714    .text.xielv:00000000 $t
C:\Users\lsj\AppData\Local\Temp\cc6HaMhQ.s:720    .text.xielv:00000000 xielv
C:\Users\lsj\AppData\Local\Temp\cc6HaMhQ.s:807    .text.xielv:00000070 $d
C:\Users\lsj\AppData\Local\Temp\cc6HaMhQ.s:1068   .bss.Current_value:00000000 Current_value
C:\Users\lsj\AppData\Local\Temp\cc6HaMhQ.s:1061   .bss.Last_value:00000000 Last_value
C:\Users\lsj\AppData\Local\Temp\cc6HaMhQ.s:1054   .bss.k:00000000 k
C:\Users\lsj\AppData\Local\Temp\cc6HaMhQ.s:818    .text.zhuanxianghuan:00000000 $t
C:\Users\lsj\AppData\Local\Temp\cc6HaMhQ.s:824    .text.zhuanxianghuan:00000000 zhuanxianghuan
C:\Users\lsj\AppData\Local\Temp\cc6HaMhQ.s:859    .text.zhuanxianghuan:00000020 $d
C:\Users\lsj\AppData\Local\Temp\cc6HaMhQ.s:1047   .bss.zxh_output:00000000 zxh_output
C:\Users\lsj\AppData\Local\Temp\cc6HaMhQ.s:865    .text.first_order_filter:00000000 $t
C:\Users\lsj\AppData\Local\Temp\cc6HaMhQ.s:871    .text.first_order_filter:00000000 first_order_filter
C:\Users\lsj\AppData\Local\Temp\cc6HaMhQ.s:902    .text.first_order_filter:00000028 $d
C:\Users\lsj\AppData\Local\Temp\cc6HaMhQ.s:1005   .data.A:00000000 A
C:\Users\lsj\AppData\Local\Temp\cc6HaMhQ.s:1012   .bss.final:00000000 final
C:\Users\lsj\AppData\Local\Temp\cc6HaMhQ.s:909    .text.turn:00000000 $t
C:\Users\lsj\AppData\Local\Temp\cc6HaMhQ.s:915    .text.turn:00000000 turn
C:\Users\lsj\AppData\Local\Temp\cc6HaMhQ.s:979    .text.turn:00000040 $d
C:\Users\lsj\AppData\Local\Temp\cc6HaMhQ.s:991    .bss.input_right:00000000 input_right
C:\Users\lsj\AppData\Local\Temp\cc6HaMhQ.s:998    .bss.speeed_Kp:00000000 speeed_Kp
C:\Users\lsj\AppData\Local\Temp\cc6HaMhQ.s:988    .bss.input_right:00000000 $d
C:\Users\lsj\AppData\Local\Temp\cc6HaMhQ.s:995    .bss.speeed_Kp:00000000 $d
C:\Users\lsj\AppData\Local\Temp\cc6HaMhQ.s:1002   .data.A:00000000 $d
C:\Users\lsj\AppData\Local\Temp\cc6HaMhQ.s:1009   .bss.final:00000000 $d
C:\Users\lsj\AppData\Local\Temp\cc6HaMhQ.s:1016   .bss.join_value:00000000 $d
C:\Users\lsj\AppData\Local\Temp\cc6HaMhQ.s:1023   .bss.retain_value:00000000 $d
C:\Users\lsj\AppData\Local\Temp\cc6HaMhQ.s:1033   .bss.Moto:00000000 Moto
C:\Users\lsj\AppData\Local\Temp\cc6HaMhQ.s:1030   .bss.Moto:00000000 $d
C:\Users\lsj\AppData\Local\Temp\cc6HaMhQ.s:1040   .bss.Position_Moto:00000000 Position_Moto
C:\Users\lsj\AppData\Local\Temp\cc6HaMhQ.s:1037   .bss.Position_Moto:00000000 $d
C:\Users\lsj\AppData\Local\Temp\cc6HaMhQ.s:1044   .bss.zxh_output:00000000 $d
C:\Users\lsj\AppData\Local\Temp\cc6HaMhQ.s:1051   .bss.k:00000000 $d
C:\Users\lsj\AppData\Local\Temp\cc6HaMhQ.s:1058   .bss.Last_value:00000000 $d
C:\Users\lsj\AppData\Local\Temp\cc6HaMhQ.s:1065   .bss.Current_value:00000000 $d
ARM GAS  C:\Users\lsj\AppData\Local\Temp\cc6HaMhQ.s 			page 26


C:\Users\lsj\AppData\Local\Temp\cc6HaMhQ.s:1075   .bss.position_pid:00000000 position_pid
C:\Users\lsj\AppData\Local\Temp\cc6HaMhQ.s:1072   .bss.position_pid:00000000 $d
C:\Users\lsj\AppData\Local\Temp\cc6HaMhQ.s:1082   .bss.speed_pid:00000000 speed_pid
C:\Users\lsj\AppData\Local\Temp\cc6HaMhQ.s:1079   .bss.speed_pid:00000000 $d

UNDEFINED SYMBOLS
__aeabi_f2d
__aeabi_ddiv
__aeabi_d2f
Engine
__aeabi_dmul
