ARM GAS  C:\Users\lsj\AppData\Local\Temp\ccyqjJgp.s 			page 1


   1              		.cpu cortex-m4
   2              		.arch armv7e-m
   3              		.fpu fpv4-sp-d16
   4              		.eabi_attribute 27, 1
   5              		.eabi_attribute 28, 1
   6              		.eabi_attribute 20, 1
   7              		.eabi_attribute 21, 1
   8              		.eabi_attribute 23, 3
   9              		.eabi_attribute 24, 1
  10              		.eabi_attribute 25, 1
  11              		.eabi_attribute 26, 1
  12              		.eabi_attribute 30, 1
  13              		.eabi_attribute 34, 1
  14              		.eabi_attribute 18, 4
  15              		.file	"tim.c"
  16              		.text
  17              	.Ltext0:
  18              		.cfi_sections	.debug_frame
  19              		.file 1 "Core/Src/tim.c"
  20              		.section	.text.MX_TIM1_Init,"ax",%progbits
  21              		.align	1
  22              		.global	MX_TIM1_Init
  23              		.syntax unified
  24              		.thumb
  25              		.thumb_func
  27              	MX_TIM1_Init:
  28              	.LFB134:
   1:Core/Src/tim.c **** /* USER CODE BEGIN Header */
   2:Core/Src/tim.c **** /**
   3:Core/Src/tim.c ****   ******************************************************************************
   4:Core/Src/tim.c ****   * @file    tim.c
   5:Core/Src/tim.c ****   * @brief   This file provides code for the configuration
   6:Core/Src/tim.c ****   *          of the TIM instances.
   7:Core/Src/tim.c ****   ******************************************************************************
   8:Core/Src/tim.c ****   * @attention
   9:Core/Src/tim.c ****   *
  10:Core/Src/tim.c ****   * Copyright (c) 2024 STMicroelectronics.
  11:Core/Src/tim.c ****   * All rights reserved.
  12:Core/Src/tim.c ****   *
  13:Core/Src/tim.c ****   * This software is licensed under terms that can be found in the LICENSE file
  14:Core/Src/tim.c ****   * in the root directory of this software component.
  15:Core/Src/tim.c ****   * If no LICENSE file comes with this software, it is provided AS-IS.
  16:Core/Src/tim.c ****   *
  17:Core/Src/tim.c ****   ******************************************************************************
  18:Core/Src/tim.c ****   */
  19:Core/Src/tim.c **** /* USER CODE END Header */
  20:Core/Src/tim.c **** /* Includes ------------------------------------------------------------------*/
  21:Core/Src/tim.c **** #include "tim.h"
  22:Core/Src/tim.c **** 
  23:Core/Src/tim.c **** /* USER CODE BEGIN 0 */
  24:Core/Src/tim.c **** 
  25:Core/Src/tim.c **** /* USER CODE END 0 */
  26:Core/Src/tim.c **** 
  27:Core/Src/tim.c **** TIM_HandleTypeDef htim1;
  28:Core/Src/tim.c **** 
  29:Core/Src/tim.c **** /* TIM1 init function */
  30:Core/Src/tim.c **** void MX_TIM1_Init(void)
ARM GAS  C:\Users\lsj\AppData\Local\Temp\ccyqjJgp.s 			page 2


  31:Core/Src/tim.c **** {
  29              		.loc 1 31 1 view -0
  30              		.cfi_startproc
  31              		@ args = 0, pretend = 0, frame = 24
  32              		@ frame_needed = 0, uses_anonymous_args = 0
  33 0000 00B5     		push	{lr}
  34              	.LCFI0:
  35              		.cfi_def_cfa_offset 4
  36              		.cfi_offset 14, -4
  37 0002 87B0     		sub	sp, sp, #28
  38              	.LCFI1:
  39              		.cfi_def_cfa_offset 32
  32:Core/Src/tim.c **** 
  33:Core/Src/tim.c ****   /* USER CODE BEGIN TIM1_Init 0 */
  34:Core/Src/tim.c **** 
  35:Core/Src/tim.c ****   /* USER CODE END TIM1_Init 0 */
  36:Core/Src/tim.c **** 
  37:Core/Src/tim.c ****   TIM_ClockConfigTypeDef sClockSourceConfig = {0};
  40              		.loc 1 37 3 view .LVU1
  41              		.loc 1 37 26 is_stmt 0 view .LVU2
  42 0004 0023     		movs	r3, #0
  43 0006 0293     		str	r3, [sp, #8]
  44 0008 0393     		str	r3, [sp, #12]
  45 000a 0493     		str	r3, [sp, #16]
  46 000c 0593     		str	r3, [sp, #20]
  38:Core/Src/tim.c ****   TIM_MasterConfigTypeDef sMasterConfig = {0};
  47              		.loc 1 38 3 is_stmt 1 view .LVU3
  48              		.loc 1 38 27 is_stmt 0 view .LVU4
  49 000e 0093     		str	r3, [sp]
  50 0010 0193     		str	r3, [sp, #4]
  39:Core/Src/tim.c **** 
  40:Core/Src/tim.c ****   /* USER CODE BEGIN TIM1_Init 1 */
  41:Core/Src/tim.c **** 
  42:Core/Src/tim.c ****   /* USER CODE END TIM1_Init 1 */
  43:Core/Src/tim.c ****   htim1.Instance = TIM1;
  51              		.loc 1 43 3 is_stmt 1 view .LVU5
  52              		.loc 1 43 18 is_stmt 0 view .LVU6
  53 0012 1548     		ldr	r0, .L9
  54 0014 154A     		ldr	r2, .L9+4
  55 0016 0260     		str	r2, [r0]
  44:Core/Src/tim.c ****   htim1.Init.Prescaler = 167;
  56              		.loc 1 44 3 is_stmt 1 view .LVU7
  57              		.loc 1 44 24 is_stmt 0 view .LVU8
  58 0018 A722     		movs	r2, #167
  59 001a 4260     		str	r2, [r0, #4]
  45:Core/Src/tim.c ****   htim1.Init.CounterMode = TIM_COUNTERMODE_UP;
  60              		.loc 1 45 3 is_stmt 1 view .LVU9
  61              		.loc 1 45 26 is_stmt 0 view .LVU10
  62 001c 8360     		str	r3, [r0, #8]
  46:Core/Src/tim.c ****   htim1.Init.Period = 9999;
  63              		.loc 1 46 3 is_stmt 1 view .LVU11
  64              		.loc 1 46 21 is_stmt 0 view .LVU12
  65 001e 42F20F72 		movw	r2, #9999
  66 0022 C260     		str	r2, [r0, #12]
  47:Core/Src/tim.c ****   htim1.Init.ClockDivision = TIM_CLOCKDIVISION_DIV1;
  67              		.loc 1 47 3 is_stmt 1 view .LVU13
  68              		.loc 1 47 28 is_stmt 0 view .LVU14
ARM GAS  C:\Users\lsj\AppData\Local\Temp\ccyqjJgp.s 			page 3


  69 0024 0361     		str	r3, [r0, #16]
  48:Core/Src/tim.c ****   htim1.Init.RepetitionCounter = 0;
  70              		.loc 1 48 3 is_stmt 1 view .LVU15
  71              		.loc 1 48 32 is_stmt 0 view .LVU16
  72 0026 4361     		str	r3, [r0, #20]
  49:Core/Src/tim.c ****   htim1.Init.AutoReloadPreload = TIM_AUTORELOAD_PRELOAD_DISABLE;
  73              		.loc 1 49 3 is_stmt 1 view .LVU17
  74              		.loc 1 49 32 is_stmt 0 view .LVU18
  75 0028 8361     		str	r3, [r0, #24]
  50:Core/Src/tim.c ****   if (HAL_TIM_Base_Init(&htim1) != HAL_OK)
  76              		.loc 1 50 3 is_stmt 1 view .LVU19
  77              		.loc 1 50 7 is_stmt 0 view .LVU20
  78 002a FFF7FEFF 		bl	HAL_TIM_Base_Init
  79              	.LVL0:
  80              		.loc 1 50 6 view .LVU21
  81 002e 90B9     		cbnz	r0, .L6
  82              	.L2:
  51:Core/Src/tim.c ****   {
  52:Core/Src/tim.c ****     Error_Handler();
  53:Core/Src/tim.c ****   }
  54:Core/Src/tim.c ****   sClockSourceConfig.ClockSource = TIM_CLOCKSOURCE_INTERNAL;
  83              		.loc 1 54 3 is_stmt 1 view .LVU22
  84              		.loc 1 54 34 is_stmt 0 view .LVU23
  85 0030 4FF48053 		mov	r3, #4096
  86 0034 0293     		str	r3, [sp, #8]
  55:Core/Src/tim.c ****   if (HAL_TIM_ConfigClockSource(&htim1, &sClockSourceConfig) != HAL_OK)
  87              		.loc 1 55 3 is_stmt 1 view .LVU24
  88              		.loc 1 55 7 is_stmt 0 view .LVU25
  89 0036 02A9     		add	r1, sp, #8
  90 0038 0B48     		ldr	r0, .L9
  91 003a FFF7FEFF 		bl	HAL_TIM_ConfigClockSource
  92              	.LVL1:
  93              		.loc 1 55 6 view .LVU26
  94 003e 68B9     		cbnz	r0, .L7
  95              	.L3:
  56:Core/Src/tim.c ****   {
  57:Core/Src/tim.c ****     Error_Handler();
  58:Core/Src/tim.c ****   }
  59:Core/Src/tim.c ****   sMasterConfig.MasterOutputTrigger = TIM_TRGO_RESET;
  96              		.loc 1 59 3 is_stmt 1 view .LVU27
  97              		.loc 1 59 37 is_stmt 0 view .LVU28
  98 0040 0023     		movs	r3, #0
  99 0042 0093     		str	r3, [sp]
  60:Core/Src/tim.c ****   sMasterConfig.MasterSlaveMode = TIM_MASTERSLAVEMODE_DISABLE;
 100              		.loc 1 60 3 is_stmt 1 view .LVU29
 101              		.loc 1 60 33 is_stmt 0 view .LVU30
 102 0044 0193     		str	r3, [sp, #4]
  61:Core/Src/tim.c ****   if (HAL_TIMEx_MasterConfigSynchronization(&htim1, &sMasterConfig) != HAL_OK)
 103              		.loc 1 61 3 is_stmt 1 view .LVU31
 104              		.loc 1 61 7 is_stmt 0 view .LVU32
 105 0046 6946     		mov	r1, sp
 106 0048 0748     		ldr	r0, .L9
 107 004a FFF7FEFF 		bl	HAL_TIMEx_MasterConfigSynchronization
 108              	.LVL2:
 109              		.loc 1 61 6 view .LVU33
 110 004e 40B9     		cbnz	r0, .L8
 111              	.L1:
ARM GAS  C:\Users\lsj\AppData\Local\Temp\ccyqjJgp.s 			page 4


  62:Core/Src/tim.c ****   {
  63:Core/Src/tim.c ****     Error_Handler();
  64:Core/Src/tim.c ****   }
  65:Core/Src/tim.c ****   /* USER CODE BEGIN TIM1_Init 2 */
  66:Core/Src/tim.c **** 
  67:Core/Src/tim.c ****   /* USER CODE END TIM1_Init 2 */
  68:Core/Src/tim.c **** 
  69:Core/Src/tim.c **** }
 112              		.loc 1 69 1 view .LVU34
 113 0050 07B0     		add	sp, sp, #28
 114              	.LCFI2:
 115              		.cfi_remember_state
 116              		.cfi_def_cfa_offset 4
 117              		@ sp needed
 118 0052 5DF804FB 		ldr	pc, [sp], #4
 119              	.L6:
 120              	.LCFI3:
 121              		.cfi_restore_state
  52:Core/Src/tim.c ****   }
 122              		.loc 1 52 5 is_stmt 1 view .LVU35
 123 0056 FFF7FEFF 		bl	Error_Handler
 124              	.LVL3:
 125 005a E9E7     		b	.L2
 126              	.L7:
  57:Core/Src/tim.c ****   }
 127              		.loc 1 57 5 view .LVU36
 128 005c FFF7FEFF 		bl	Error_Handler
 129              	.LVL4:
 130 0060 EEE7     		b	.L3
 131              	.L8:
  63:Core/Src/tim.c ****   }
 132              		.loc 1 63 5 view .LVU37
 133 0062 FFF7FEFF 		bl	Error_Handler
 134              	.LVL5:
 135              		.loc 1 69 1 is_stmt 0 view .LVU38
 136 0066 F3E7     		b	.L1
 137              	.L10:
 138              		.align	2
 139              	.L9:
 140 0068 00000000 		.word	htim1
 141 006c 00000140 		.word	1073807360
 142              		.cfi_endproc
 143              	.LFE134:
 145              		.section	.text.HAL_TIM_Base_MspInit,"ax",%progbits
 146              		.align	1
 147              		.global	HAL_TIM_Base_MspInit
 148              		.syntax unified
 149              		.thumb
 150              		.thumb_func
 152              	HAL_TIM_Base_MspInit:
 153              	.LVL6:
 154              	.LFB135:
  70:Core/Src/tim.c **** 
  71:Core/Src/tim.c **** void HAL_TIM_Base_MspInit(TIM_HandleTypeDef* tim_baseHandle)
  72:Core/Src/tim.c **** {
 155              		.loc 1 72 1 is_stmt 1 view -0
 156              		.cfi_startproc
ARM GAS  C:\Users\lsj\AppData\Local\Temp\ccyqjJgp.s 			page 5


 157              		@ args = 0, pretend = 0, frame = 8
 158              		@ frame_needed = 0, uses_anonymous_args = 0
  73:Core/Src/tim.c **** 
  74:Core/Src/tim.c ****   if(tim_baseHandle->Instance==TIM1)
 159              		.loc 1 74 3 view .LVU40
 160              		.loc 1 74 20 is_stmt 0 view .LVU41
 161 0000 0268     		ldr	r2, [r0]
 162              		.loc 1 74 5 view .LVU42
 163 0002 0E4B     		ldr	r3, .L18
 164 0004 9A42     		cmp	r2, r3
 165 0006 00D0     		beq	.L17
 166 0008 7047     		bx	lr
 167              	.L17:
  72:Core/Src/tim.c **** 
 168              		.loc 1 72 1 view .LVU43
 169 000a 00B5     		push	{lr}
 170              	.LCFI4:
 171              		.cfi_def_cfa_offset 4
 172              		.cfi_offset 14, -4
 173 000c 83B0     		sub	sp, sp, #12
 174              	.LCFI5:
 175              		.cfi_def_cfa_offset 16
  75:Core/Src/tim.c ****   {
  76:Core/Src/tim.c ****   /* USER CODE BEGIN TIM1_MspInit 0 */
  77:Core/Src/tim.c **** 
  78:Core/Src/tim.c ****   /* USER CODE END TIM1_MspInit 0 */
  79:Core/Src/tim.c ****     /* TIM1 clock enable */
  80:Core/Src/tim.c ****     __HAL_RCC_TIM1_CLK_ENABLE();
 176              		.loc 1 80 5 is_stmt 1 view .LVU44
 177              	.LBB2:
 178              		.loc 1 80 5 view .LVU45
 179 000e 0021     		movs	r1, #0
 180 0010 0191     		str	r1, [sp, #4]
 181              		.loc 1 80 5 view .LVU46
 182 0012 03F59C33 		add	r3, r3, #79872
 183 0016 5A6C     		ldr	r2, [r3, #68]
 184 0018 42F00102 		orr	r2, r2, #1
 185 001c 5A64     		str	r2, [r3, #68]
 186              		.loc 1 80 5 view .LVU47
 187 001e 5B6C     		ldr	r3, [r3, #68]
 188 0020 03F00103 		and	r3, r3, #1
 189 0024 0193     		str	r3, [sp, #4]
 190              		.loc 1 80 5 view .LVU48
 191 0026 019B     		ldr	r3, [sp, #4]
 192              	.LBE2:
 193              		.loc 1 80 5 view .LVU49
  81:Core/Src/tim.c **** 
  82:Core/Src/tim.c ****     /* TIM1 interrupt Init */
  83:Core/Src/tim.c ****     HAL_NVIC_SetPriority(TIM1_UP_TIM10_IRQn, 0, 0);
 194              		.loc 1 83 5 view .LVU50
 195 0028 0A46     		mov	r2, r1
 196 002a 1920     		movs	r0, #25
 197              	.LVL7:
 198              		.loc 1 83 5 is_stmt 0 view .LVU51
 199 002c FFF7FEFF 		bl	HAL_NVIC_SetPriority
 200              	.LVL8:
  84:Core/Src/tim.c ****     HAL_NVIC_EnableIRQ(TIM1_UP_TIM10_IRQn);
ARM GAS  C:\Users\lsj\AppData\Local\Temp\ccyqjJgp.s 			page 6


 201              		.loc 1 84 5 is_stmt 1 view .LVU52
 202 0030 1920     		movs	r0, #25
 203 0032 FFF7FEFF 		bl	HAL_NVIC_EnableIRQ
 204              	.LVL9:
  85:Core/Src/tim.c ****   /* USER CODE BEGIN TIM1_MspInit 1 */
  86:Core/Src/tim.c **** 
  87:Core/Src/tim.c ****   /* USER CODE END TIM1_MspInit 1 */
  88:Core/Src/tim.c ****   }
  89:Core/Src/tim.c **** }
 205              		.loc 1 89 1 is_stmt 0 view .LVU53
 206 0036 03B0     		add	sp, sp, #12
 207              	.LCFI6:
 208              		.cfi_def_cfa_offset 4
 209              		@ sp needed
 210 0038 5DF804FB 		ldr	pc, [sp], #4
 211              	.L19:
 212              		.align	2
 213              	.L18:
 214 003c 00000140 		.word	1073807360
 215              		.cfi_endproc
 216              	.LFE135:
 218              		.section	.text.HAL_TIM_Base_MspDeInit,"ax",%progbits
 219              		.align	1
 220              		.global	HAL_TIM_Base_MspDeInit
 221              		.syntax unified
 222              		.thumb
 223              		.thumb_func
 225              	HAL_TIM_Base_MspDeInit:
 226              	.LVL10:
 227              	.LFB136:
  90:Core/Src/tim.c **** 
  91:Core/Src/tim.c **** void HAL_TIM_Base_MspDeInit(TIM_HandleTypeDef* tim_baseHandle)
  92:Core/Src/tim.c **** {
 228              		.loc 1 92 1 is_stmt 1 view -0
 229              		.cfi_startproc
 230              		@ args = 0, pretend = 0, frame = 0
 231              		@ frame_needed = 0, uses_anonymous_args = 0
 232              		.loc 1 92 1 is_stmt 0 view .LVU55
 233 0000 08B5     		push	{r3, lr}
 234              	.LCFI7:
 235              		.cfi_def_cfa_offset 8
 236              		.cfi_offset 3, -8
 237              		.cfi_offset 14, -4
  93:Core/Src/tim.c **** 
  94:Core/Src/tim.c ****   if(tim_baseHandle->Instance==TIM1)
 238              		.loc 1 94 3 is_stmt 1 view .LVU56
 239              		.loc 1 94 20 is_stmt 0 view .LVU57
 240 0002 0268     		ldr	r2, [r0]
 241              		.loc 1 94 5 view .LVU58
 242 0004 064B     		ldr	r3, .L24
 243 0006 9A42     		cmp	r2, r3
 244 0008 00D0     		beq	.L23
 245              	.LVL11:
 246              	.L20:
  95:Core/Src/tim.c ****   {
  96:Core/Src/tim.c ****   /* USER CODE BEGIN TIM1_MspDeInit 0 */
  97:Core/Src/tim.c **** 
ARM GAS  C:\Users\lsj\AppData\Local\Temp\ccyqjJgp.s 			page 7


  98:Core/Src/tim.c ****   /* USER CODE END TIM1_MspDeInit 0 */
  99:Core/Src/tim.c ****     /* Peripheral clock disable */
 100:Core/Src/tim.c ****     __HAL_RCC_TIM1_CLK_DISABLE();
 101:Core/Src/tim.c **** 
 102:Core/Src/tim.c ****     /* TIM1 interrupt Deinit */
 103:Core/Src/tim.c ****     HAL_NVIC_DisableIRQ(TIM1_UP_TIM10_IRQn);
 104:Core/Src/tim.c ****   /* USER CODE BEGIN TIM1_MspDeInit 1 */
 105:Core/Src/tim.c **** 
 106:Core/Src/tim.c ****   /* USER CODE END TIM1_MspDeInit 1 */
 107:Core/Src/tim.c ****   }
 108:Core/Src/tim.c **** }
 247              		.loc 1 108 1 view .LVU59
 248 000a 08BD     		pop	{r3, pc}
 249              	.LVL12:
 250              	.L23:
 100:Core/Src/tim.c **** 
 251              		.loc 1 100 5 is_stmt 1 view .LVU60
 252 000c 054A     		ldr	r2, .L24+4
 253 000e 536C     		ldr	r3, [r2, #68]
 254 0010 23F00103 		bic	r3, r3, #1
 255 0014 5364     		str	r3, [r2, #68]
 103:Core/Src/tim.c ****   /* USER CODE BEGIN TIM1_MspDeInit 1 */
 256              		.loc 1 103 5 view .LVU61
 257 0016 1920     		movs	r0, #25
 258              	.LVL13:
 103:Core/Src/tim.c ****   /* USER CODE BEGIN TIM1_MspDeInit 1 */
 259              		.loc 1 103 5 is_stmt 0 view .LVU62
 260 0018 FFF7FEFF 		bl	HAL_NVIC_DisableIRQ
 261              	.LVL14:
 262              		.loc 1 108 1 view .LVU63
 263 001c F5E7     		b	.L20
 264              	.L25:
 265 001e 00BF     		.align	2
 266              	.L24:
 267 0020 00000140 		.word	1073807360
 268 0024 00380240 		.word	1073887232
 269              		.cfi_endproc
 270              	.LFE136:
 272              		.global	htim1
 273              		.section	.bss.htim1,"aw",%nobits
 274              		.align	2
 277              	htim1:
 278 0000 00000000 		.space	72
 278      00000000 
 278      00000000 
 278      00000000 
 278      00000000 
 279              		.text
 280              	.Letext0:
 281              		.file 2 "Drivers/CMSIS/Device/ST/STM32F4xx/Include/stm32f407xx.h"
 282              		.file 3 "c:\\msys64\\mingw64\\arm-none-eabi\\include\\machine\\_default_types.h"
 283              		.file 4 "c:\\msys64\\mingw64\\arm-none-eabi\\include\\sys\\_stdint.h"
 284              		.file 5 "Drivers/STM32F4xx_HAL_Driver/Inc/stm32f4xx_hal_def.h"
 285              		.file 6 "Drivers/STM32F4xx_HAL_Driver/Inc/stm32f4xx_hal_dma.h"
 286              		.file 7 "Drivers/STM32F4xx_HAL_Driver/Inc/stm32f4xx_hal_tim.h"
 287              		.file 8 "Drivers/STM32F4xx_HAL_Driver/Inc/stm32f4xx_hal_cortex.h"
 288              		.file 9 "Drivers/STM32F4xx_HAL_Driver/Inc/stm32f4xx_hal_tim_ex.h"
ARM GAS  C:\Users\lsj\AppData\Local\Temp\ccyqjJgp.s 			page 8


 289              		.file 10 "Core/Inc/tim.h"
 290              		.file 11 "Core/Inc/main.h"
ARM GAS  C:\Users\lsj\AppData\Local\Temp\ccyqjJgp.s 			page 9


DEFINED SYMBOLS
                            *ABS*:00000000 tim.c
C:\Users\lsj\AppData\Local\Temp\ccyqjJgp.s:21     .text.MX_TIM1_Init:00000000 $t
C:\Users\lsj\AppData\Local\Temp\ccyqjJgp.s:27     .text.MX_TIM1_Init:00000000 MX_TIM1_Init
C:\Users\lsj\AppData\Local\Temp\ccyqjJgp.s:140    .text.MX_TIM1_Init:00000068 $d
C:\Users\lsj\AppData\Local\Temp\ccyqjJgp.s:277    .bss.htim1:00000000 htim1
C:\Users\lsj\AppData\Local\Temp\ccyqjJgp.s:146    .text.HAL_TIM_Base_MspInit:00000000 $t
C:\Users\lsj\AppData\Local\Temp\ccyqjJgp.s:152    .text.HAL_TIM_Base_MspInit:00000000 HAL_TIM_Base_MspInit
C:\Users\lsj\AppData\Local\Temp\ccyqjJgp.s:214    .text.HAL_TIM_Base_MspInit:0000003c $d
C:\Users\lsj\AppData\Local\Temp\ccyqjJgp.s:219    .text.HAL_TIM_Base_MspDeInit:00000000 $t
C:\Users\lsj\AppData\Local\Temp\ccyqjJgp.s:225    .text.HAL_TIM_Base_MspDeInit:00000000 HAL_TIM_Base_MspDeInit
C:\Users\lsj\AppData\Local\Temp\ccyqjJgp.s:267    .text.HAL_TIM_Base_MspDeInit:00000020 $d
C:\Users\lsj\AppData\Local\Temp\ccyqjJgp.s:274    .bss.htim1:00000000 $d

UNDEFINED SYMBOLS
HAL_TIM_Base_Init
HAL_TIM_ConfigClockSource
HAL_TIMEx_MasterConfigSynchronization
Error_Handler
HAL_NVIC_SetPriority
HAL_NVIC_EnableIRQ
HAL_NVIC_DisableIRQ
